2025-02-28 16:54:38.743 - Logging initialized
2025-02-28 16:54:38.746 - Application started
2025-02-28 16:55:10.868 - Extract button clicked
2025-02-28 16:55:10.870 - Selected 4 section paths
2025-02-28 16:55:10.871 - Selected path 1: GENERAL INFORMATION > System Description > Configurations
2025-02-28 16:55:10.871 - Selected path 2: GENERAL INFORMATION > System Description > Configurations > Direct LOS Configuration
2025-02-28 16:55:10.872 - Selected path 3: GENERAL INFORMATION > System Description > Configurations > Reach Configuration
2025-02-28 16:55:10.873 - Selected path 4: GENERAL INFORMATION > System Description > Configurations > BLOS Configuration
2025-02-28 16:55:18.616 - Output file selected: C:\programs\AIML\TechManualAutomation\dev\DocumentProcessor\src\DocumentProcessor.UI\bin\Debug\net8.0-windows\output\config.docx
2025-02-28 16:55:18.628 - JSON file path: C:\programs\AIML\TechManualAutomation\dev\DocumentProcessor\src\DocumentProcessor.UI\bin\Debug\net8.0-windows\output\document_structure.json
2025-02-28 16:55:18.680 - JSON contains 4 top-level sections
2025-02-28 16:55:18.681 - Section 'Direct LOS Configuration' contains 1 images
2025-02-28 16:55:18.681 -   Image: e52a5c8e-18a5-41fc-af91-cac0aaad7f58, Type: image/png, Size: 880x711, Base64 length: 600272
2025-02-28 16:55:18.682 - Section 'Reach Configuration' contains 1 images
2025-02-28 16:55:18.682 -   Image: b393a485-d807-4e83-9e4f-0be7c93cf938, Type: image/png, Size: 879x707, Base64 length: 665800
2025-02-28 16:55:18.682 - Section 'BLOS Configuration' contains 1 images
2025-02-28 16:55:18.683 -   Image: f436d538-d6dd-40e6-83fb-6bf1861d0676, Type: image/png, Size: 880x710, Base64 length: 705684
2025-02-28 16:55:18.683 - Section 'Multiple Datalink Capabilities' contains 1 images
2025-02-28 16:55:18.683 -   Image: 4e2e08ae-9f31-41e9-a5fc-8aeecd35005a, Type: image/png, Size: 657x531, Base64 length: 425740
2025-02-28 16:55:18.683 - Section 'ASARS-2A Data from Reach Site to Core Site' contains 1 images
2025-02-28 16:55:18.684 -   Image: 2520278b-b4f4-4ec3-967a-18cb347199ba, Type: image/jpeg, Size: 967x734, Base64 length: 233600
2025-02-28 16:55:18.684 - Section 'ASARS-2A Data from RGS to Core Site' contains 1 images
2025-02-28 16:55:18.684 -   Image: 7b0cf126-1fc8-42e8-b77d-1e39d1e62b43, Type: image/jpeg, Size: 955x739, Base64 length: 188896
2025-02-28 16:55:18.684 - Section 'APS+ Interfaces' contains 1 images
2025-02-28 16:55:18.685 -   Image: f687cdcb-e09c-4497-a929-0fd958cec353, Type: image/jpeg, Size: 997x734, Base64 length: 281400
2025-02-28 16:55:18.685 - Section 'MCI Core Site Options' contains 1 images
2025-02-28 16:55:18.685 -   Image: f766d2b6-fab2-4025-983f-20533cd306bb, Type: image/jpeg, Size: 960x720, Base64 length: 106516
2025-02-28 16:55:18.685 - Section 'MCI Reach Site Options' contains 1 images
2025-02-28 16:55:18.686 -   Image: b47f81bc-cb80-4e88-957b-365e7131fe5d, Type: image/jpeg, Size: 800x412, Base64 length: 76000
2025-02-28 16:55:18.686 - Total images in document: 9
2025-02-28 16:55:18.686 - Starting extraction process
2025-02-28 16:55:18.687 - Using ExtractSectionsToNewDocument method
2025-02-28 16:55:18.761 - Extraction console output:
2025-02-28 16:55:18.762 - 
Starting section search:
Path to find: GENERAL INFORMATION > System Description > Configurations

Searching for: 'GENERAL INFORMATION'
Available sections at this level:
- ''
- 'GENERAL INFORMATION'
  Subsections:
  - 'Overview'
  - 'System Description'
- ''
- 'OPERATOR INSTRUCTIONS'
  Subsections:
  - 'MCI Operator Instructions'
Found section: 'GENERAL INFORMATION'
Level: 1
Content length: 0 characters
Tables: 0
Images: 0
Subsections: 2

Searching for: 'System Description'
Available sections at this level:
- 'Overview'
  Subsections:
  - 'Scope'
  - 'Abbreviations and Acronyms'
  - 'Referenced Documents'
- 'System Description'
  Subsections:
  - 'Operating Sites'
  - 'Configurations'
  - 'Multiple Datalink Capabilities'
  - 'Mission Threads'
  - 'APS+ Description'
  - 'APS+ Concept of Operations'
Found section: 'System Description'
Level: 2
Content length: 1361 characters
Tables: 0
Images: 0
Subsections: 6

Searching for: 'Configurations'
Available sections at this level:
- 'Operating Sites'
- 'Configurations'
  Subsections:
  - 'Direct LOS Configuration'
  - 'Reach Configuration'
  - 'BLOS Configuration'
- 'Multiple Datalink Capabilities'
- 'Mission Threads'
  Subsections:
  - 'ASARS-2A Data from Reach Site to Core Site'
  - 'ASARS-2A Data from RGS to Core Site'
- 'APS+ Description'
  Subsections:
  - 'APS+ Software Environment'
  - 'APS+ Interfaces'
  - 'Mission Control Interface (MCI)'
  - 'Sensor Control Workstation (SCWS)'
  - 'Common Sensor Planner (CSP)'
- 'APS+ Concept of Operations'
  Subsections:
  - 'Pre-Mission Operation'
  - 'Live Mission Operation'
  - 'Off-Tether Operation'
Found section: 'Configurations'
Level: 3
Content length: 243 characters
Tables: 0
Images: 0
Subsections: 3
Processing section: Configurations

Starting section search:
Path to find: GENERAL INFORMATION > System Description > Configurations > Direct LOS Configuration

Searching for: 'GENERAL INFORMATION'
Available sections at this level:
- ''
- 'GENERAL INFORMATION'
  Subsections:
  - 'Overview'
  - 'System Description'
- ''
- 'OPERATOR INSTRUCTIONS'
  Subsections:
  - 'MCI Operator Instructions'
Found section: 'GENERAL INFORMATION'
Level: 1
Content length: 0 characters
Tables: 0
Images: 0
Subsections: 2

Searching for: 'System Description'
Available sections at this level:
- 'Overview'
  Subsections:
  - 'Scope'
  - 'Abbreviations and Acronyms'
  - 'Referenced Documents'
- 'System Description'
  Subsections:
  - 'Operating Sites'
  - 'Configurations'
  - 'Multiple Datalink Capabilities'
  - 'Mission Threads'
  - 'APS+ Description'
  - 'APS+ Concept of Operations'
Found section: 'System Description'
Level: 2
Content length: 1361 characters
Tables: 0
Images: 0
Subsections: 6

Searching for: 'Configurations'
Available sections at this level:
- 'Operating Sites'
- 'Configurations'
  Subsections:
  - 'Direct LOS Configuration'
  - 'Reach Configuration'
  - 'BLOS Configuration'
- 'Multiple Datalink Capabilities'
- 'Mission Threads'
  Subsections:
  - 'ASARS-2A Data from Reach Site to Core Site'
  - 'ASARS-2A Data from RGS to Core Site'
- 'APS+ Description'
  Subsections:
  - 'APS+ Software Environment'
  - 'APS+ Interfaces'
  - 'Mission Control Interface (MCI)'
  - 'Sensor Control Workstation (SCWS)'
  - 'Common Sensor Planner (CSP)'
- 'APS+ Concept of Operations'
  Subsections:
  - 'Pre-Mission Operation'
  - 'Live Mission Operation'
  - 'Off-Tether Operation'
Found section: 'Configurations'
Level: 3
Content length: 243 characters
Tables: 0
Images: 0
Subsections: 3

Searching for: 'Direct LOS Configuration'
Available sections at this level:
- 'Direct LOS Configuration'
- 'Reach Configuration'
- 'BLOS Configuration'
Found section: 'Direct LOS Configuration'
Level: 4
Content length: 567 characters
Tables: 0
Images: 1
Subsections: 0

Image details:
- Image ID: e52a5c8e-18a5-41fc-af91-cac0aaad7f58
  Type: image/png
  Size: 880x711
  Base64 length: 600272
Processing section: Direct LOS Configuration

Starting section search:
Path to find: GENERAL INFORMATION > System Description > Configurations > Reach Configuration

Searching for: 'GENERAL INFORMATION'
Available sections at this level:
- ''
- 'GENERAL INFORMATION'
  Subsections:
  - 'Overview'
  - 'System Description'
- ''
- 'OPERATOR INSTRUCTIONS'
  Subsections:
  - 'MCI Operator Instructions'
Found section: 'GENERAL INFORMATION'
Level: 1
Content length: 0 characters
Tables: 0
Images: 0
Subsections: 2

Searching for: 'System Description'
Available sections at this level:
- 'Overview'
  Subsections:
  - 'Scope'
  - 'Abbreviations and Acronyms'
  - 'Referenced Documents'
- 'System Description'
  Subsections:
  - 'Operating Sites'
  - 'Configurations'
  - 'Multiple Datalink Capabilities'
  - 'Mission Threads'
  - 'APS+ Description'
  - 'APS+ Concept of Operations'
Found section: 'System Description'
Level: 2
Content length: 1361 characters
Tables: 0
Images: 0
Subsections: 6

Searching for: 'Configurations'
Available sections at this level:
- 'Operating Sites'
- 'Configurations'
  Subsections:
  - 'Direct LOS Configuration'
  - 'Reach Configuration'
  - 'BLOS Configuration'
- 'Multiple Datalink Capabilities'
- 'Mission Threads'
  Subsections:
  - 'ASARS-2A Data from Reach Site to Core Site'
  - 'ASARS-2A Data from RGS to Core Site'
- 'APS+ Description'
  Subsections:
  - 'APS+ Software Environment'
  - 'APS+ Interfaces'
  - 'Mission Control Interface (MCI)'
  - 'Sensor Control Workstation (SCWS)'
  - 'Common Sensor Planner (CSP)'
- 'APS+ Concept of Operations'
  Subsections:
  - 'Pre-Mission Operation'
  - 'Live Mission Operation'
  - 'Off-Tether Operation'
Found section: 'Configurations'
Level: 3
Content length: 243 characters
Tables: 0
Images: 0
Subsections: 3

Searching for: 'Reach Configuration'
Available sections at this level:
- 'Direct LOS Configuration'
- 'Reach Configuration'
- 'BLOS Configuration'
Found section: 'Reach Configuration'
Level: 4
Content length: 1019 characters
Tables: 0
Images: 1
Subsections: 0

Image details:
- Image ID: b393a485-d807-4e83-9e4f-0be7c93cf938
  Type: image/png
  Size: 879x707
  Base64 length: 665800
Processing section: Reach Configuration

Starting section search:
Path to find: GENERAL INFORMATION > System Description > Configurations > BLOS Configuration

Searching for: 'GENERAL INFORMATION'
Available sections at this level:
- ''
- 'GENERAL INFORMATION'
  Subsections:
  - 'Overview'
  - 'System Description'
- ''
- 'OPERATOR INSTRUCTIONS'
  Subsections:
  - 'MCI Operator Instructions'
Found section: 'GENERAL INFORMATION'
Level: 1
Content length: 0 characters
Tables: 0
Images: 0
Subsections: 2

Searching for: 'System Description'
Available sections at this level:
- 'Overview'
  Subsections:
  - 'Scope'
  - 'Abbreviations and Acronyms'
  - 'Referenced Documents'
- 'System Description'
  Subsections:
  - 'Operating Sites'
  - 'Configurations'
  - 'Multiple Datalink Capabilities'
  - 'Mission Threads'
  - 'APS+ Description'
  - 'APS+ Concept of Operations'
Found section: 'System Description'
Level: 2
Content length: 1361 characters
Tables: 0
Images: 0
Subsections: 6

Searching for: 'Configurations'
Available sections at this level:
- 'Operating Sites'
- 'Configurations'
  Subsections:
  - 'Direct LOS Configuration'
  - 'Reach Configuration'
  - 'BLOS Configuration'
- 'Multiple Datalink Capabilities'
- 'Mission Threads'
  Subsections:
  - 'ASARS-2A Data from Reach Site to Core Site'
  - 'ASARS-2A Data from RGS to Core Site'
- 'APS+ Description'
  Subsections:
  - 'APS+ Software Environment'
  - 'APS+ Interfaces'
  - 'Mission Control Interface (MCI)'
  - 'Sensor Control Workstation (SCWS)'
  - 'Common Sensor Planner (CSP)'
- 'APS+ Concept of Operations'
  Subsections:
  - 'Pre-Mission Operation'
  - 'Live Mission Operation'
  - 'Off-Tether Operation'
Found section: 'Configurations'
Level: 3
Content length: 243 characters
Tables: 0
Images: 0
Subsections: 3

Searching for: 'BLOS Configuration'
Available sections at this level:
- 'Direct LOS Configuration'
- 'Reach Configuration'
- 'BLOS Configuration'
Found section: 'BLOS Configuration'
Level: 4
Content length: 1001 characters
Tables: 0
Images: 1
Subsections: 0

Image details:
- Image ID: f436d538-d6dd-40e6-83fb-6bf1861d0676
  Type: image/png
  Size: 880x710
  Base64 length: 705684
Processing section: BLOS Configuration

2025-02-28 16:55:18.762 - Extraction completed
2025-02-28 16:55:20.298 - Analyzing extracted document for images: C:\programs\AIML\TechManualAutomation\dev\DocumentProcessor\src\DocumentProcessor.UI\bin\Debug\net8.0-windows\output\config.docx
2025-02-28 16:55:20.300 - Extracted document size: 3,092 bytes
2025-02-28 16:55:20.300 - WARNING: Document size is very small, might not contain images
