2025-03-18 16:04:02.928 - Logging initialized
2025-03-18 16:04:02.933 - Application started
2025-03-18 16:11:54.817 - Extract button clicked
2025-03-18 16:11:54.821 - Selected 4 section paths
2025-03-18 16:11:54.821 - Selected path 1: GENERAL INFORMATION > System Description > Ground Datalink Configurations
2025-03-18 16:11:54.821 - Selected path 2: GENERAL INFORMATION > System Description > Ground Datalink Configurations > Direct LOS Configuration
2025-03-18 16:11:54.822 - Selected path 3: GENERAL INFORMATION > System Description > Ground Datalink Configurations > Reach Configuration
2025-03-18 16:11:54.822 - Selected path 4: GENERAL INFORMATION > System Description > Ground Datalink Configurations > BLOS Configuration
2025-03-18 16:12:14.142 - Output file selected: C:\programs\AIML\my innovation\dev\TechManualAutomation\dev\DocumentProcessor\src\DocumentProcessor.UI\bin\Debug\net8.0-windows\output\40218-499 APS Plus OMM 35-IPR_extracted_Config.docx
2025-03-18 16:12:14.150 - JSON file path: C:\programs\AIML\my innovation\dev\TechManualAutomation\dev\DocumentProcessor\src\DocumentProcessor.UI\bin\Debug\net8.0-windows\output\40218-499 APS Plus OMM 35-IPR.json
2025-03-18 16:12:14.577 - JSON contains 6 top-level sections
2025-03-18 16:12:14.579 - Section 'Direct LOS Configuration' contains 1 images
2025-03-18 16:12:14.580 -   Image: 71f861ab-38c1-4f12-8468-ba503d979966, Type: image/png, Size: 880x711, Base64 length: 600272
2025-03-18 16:12:14.580 - Section 'Reach Configuration' contains 1 images
2025-03-18 16:12:14.581 -   Image: dcc26ed7-e58b-447b-9ffe-cc4827c7802d, Type: image/png, Size: 879x707, Base64 length: 665800
2025-03-18 16:12:14.581 - Section 'BLOS Configuration' contains 1 images
2025-03-18 16:12:14.582 -   Image: cb7452c2-e5b4-4a3b-be67-c21cfa9a1720, Type: image/png, Size: 880x710, Base64 length: 705684
2025-03-18 16:12:14.582 - Section 'Multiple Datalink Capabilities' contains 1 images
2025-03-18 16:12:14.582 -   Image: 589ab433-aa2b-4db8-ac2d-d6fb571cdaa1, Type: image/png, Size: 657x531, Base64 length: 425740
2025-03-18 16:12:14.583 - Section 'ASARS-2A Data from Reach Site to Core Site' contains 1 images
2025-03-18 16:12:14.583 -   Image: 2c1ff51f-93b7-4a5c-9f19-1471386cd4f9, Type: image/jpeg, Size: 967x734, Base64 length: 233600
2025-03-18 16:12:14.583 - Section 'ASARS-2A Data from RGS to Core Site' contains 1 images
2025-03-18 16:12:14.584 -   Image: 98639ec7-75b7-44bd-b379-ab28061a43e8, Type: image/jpeg, Size: 955x739, Base64 length: 188896
2025-03-18 16:12:14.584 - Section 'APS+ Interfaces' contains 1 images
2025-03-18 16:12:14.584 -   Image: 3ec1e397-a75b-4a84-b01e-6d3ffb97b164, Type: image/jpeg, Size: 997x734, Base64 length: 281400
2025-03-18 16:12:14.584 - Section 'MCI Core Site Options' contains 1 images
2025-03-18 16:12:14.585 -   Image: 2782d2f0-3e18-4072-b33b-3e65d4a67aa7, Type: image/jpeg, Size: 960x720, Base64 length: 106516
2025-03-18 16:12:14.585 - Section 'MCI Reach Site Options' contains 1 images
2025-03-18 16:12:14.586 -   Image: abdc8bb5-cfb2-43f5-a835-2153858c40c5, Type: image/jpeg, Size: 800x412, Base64 length: 76000
2025-03-18 16:12:14.586 - Section 'SCWS Displays and Controls' contains 8 images
2025-03-18 16:12:14.586 -   Image: 9a09cd95-80bf-4901-b4a3-61ddb8b9d6cc, Type: image/jpeg, Size: 758x655, Base64 length: 76548
2025-03-18 16:12:14.587 -   Image: 4e8471b3-9303-489a-a6ad-5bba2e9ac29f, Type: image/jpeg, Size: 758x655, Base64 length: 190328
2025-03-18 16:12:14.587 -   Image: 42c630bf-019e-4b2c-b076-0fe4092a8772, Type: image/jpeg, Size: 758x655, Base64 length: 101760
2025-03-18 16:12:14.588 -   Image: eab2bbac-6643-4ab1-b45c-316c70148f63, Type: image/jpeg, Size: 758x655, Base64 length: 88336
2025-03-18 16:12:14.588 -   Image: cd5d2dab-ff3e-4726-9d84-544043d74065, Type: image/jpeg, Size: 758x655, Base64 length: 84448
2025-03-18 16:12:14.588 -   Image: 29f27015-e71b-4fc6-b1ec-376f884bdab2, Type: image/jpeg, Size: 758x655, Base64 length: 126152
2025-03-18 16:12:14.589 -   Image: 5e1b4f0e-52c4-4380-aeaa-8324d6c1a719, Type: image/jpeg, Size: 758x655, Base64 length: 166184
2025-03-18 16:12:14.589 -   Image: e2c6267c-8263-408d-8fb6-50f0225ae53c, Type: image/jpeg, Size: 758x655, Base64 length: 182552
2025-03-18 16:12:14.590 - Section 'SCWS Startup' contains 1 images
2025-03-18 16:12:14.590 -   Image: c6d901dc-a79b-43d1-a7fe-11cb063ce55c, Type: image/jpeg, Size: 960x720, Base64 length: 49588
2025-03-18 16:12:14.590 - Section 'Scale Image' contains 6 images
2025-03-18 16:12:14.591 -   Image: a65e03dd-c2ad-4b2b-a978-95770b742266, Type: image/png, Size: 238x391, Base64 length: 30008
2025-03-18 16:12:14.591 -   Image: e9553d77-7098-4253-90d3-70ee17596c80, Type: image/png, Size: 448x139, Base64 length: 31896
2025-03-18 16:12:14.591 -   Image: c958c4ec-30f4-48d3-aafe-f15bb842f23f, Type: image/png, Size: 340x202, Base64 length: 30264
2025-03-18 16:12:14.592 -   Image: 74a86029-b561-4dce-81b2-a6634f2f4280, Type: image/png, Size: 486x151, Base64 length: 33496
2025-03-18 16:12:14.592 -   Image: 64926b28-e64b-431f-a290-850042b57574, Type: image/png, Size: 197x146, Base64 length: 20740
2025-03-18 16:12:14.593 -   Image: 4ddee5ec-0542-432b-b024-14d6ad04928b, Type: image/png, Size: 365x195, Base64 length: 28932
2025-03-18 16:12:14.593 - Section 'CSP Startup' contains 3 images
2025-03-18 16:12:14.594 -   Image: 87b8d4cd-583f-4c35-a387-fadc4e2eae69, Type: image/jpeg, Size: 1210x720, Base64 length: 393648
2025-03-18 16:12:14.595 -   Image: 017f32f5-d2a7-4649-862c-556894fbbd60, Type: image/png, Size: 735x166, Base64 length: 138596
2025-03-18 16:12:14.595 -   Image: 0c2e7b12-4450-42dd-ab40-617a654efc31, Type: image/jpeg, Size: 715x828, Base64 length: 491156
2025-03-18 16:12:14.595 - Section 'Destination Points' contains 4 images
2025-03-18 16:12:14.596 -   Image: de4bb326-bd6d-461b-9dc9-78c453f8c7ed, Type: image/jpeg, Size: 1171x696, Base64 length: 366284
2025-03-18 16:12:14.596 -   Image: 48d68e59-ee1f-45f9-99a8-56674699db3c, Type: image/png, Size: 1123x647, Base64 length: 863164
2025-03-18 16:12:14.596 -   Image: c99d624f-e7e0-4813-a686-335d7f648745, Type: image/png, Size: 572x387, Base64 length: 180956
2025-03-18 16:12:14.597 -   Image: 09581039-7f7a-4cad-aef5-ff35c3a9f40a, Type: image/x-emf, Size: 636x446, Base64 length: 1510784
2025-03-18 16:12:14.597 - Section 'Targets' contains 5 images
2025-03-18 16:12:14.598 -   Image: 16fbfa47-6dc7-4724-a8f9-7fe7e60618bf, Type: image/jpeg, Size: 1235x735, Base64 length: 447980
2025-03-18 16:12:14.598 -   Image: fe7aa2af-f970-470a-9490-6be6f9795077, Type: image/jpeg, Size: 1134x673, Base64 length: 388892
2025-03-18 16:12:14.599 -   Image: fc16bb19-56e4-4cce-811a-2db1d28b6503, Type: image/jpeg, Size: 1166x383, Base64 length: 90136
2025-03-18 16:12:14.599 -   Image: 61f66e71-31a1-4f41-bab9-85ff8bc04288, Type: image/jpeg, Size: 601x199, Base64 length: 53552
2025-03-18 16:12:14.599 -   Image: 83914347-926f-42f9-bd5d-1c5d1d371bb9, Type: image/jpeg, Size: 1166x383, Base64 length: 94832
2025-03-18 16:12:14.600 - Section 'Scenes' contains 7 images
2025-03-18 16:12:14.600 -   Image: 80c7c098-0b77-485e-b283-abc9c2bcaf3f, Type: image/png, Size: 841x776, Base64 length: 1026240
2025-03-18 16:12:14.600 -   Image: fa38025a-8202-4501-8375-fa0681b1d5c4, Type: image/png, Size: 823x819, Base64 length: 1144000
2025-03-18 16:12:14.601 -   Image: e3d4fd82-e64b-49d8-804d-7cb534d3d50e, Type: image/png, Size: 950x569, Base64 length: 914592
2025-03-18 16:12:14.601 -   Image: ba6723f2-96c7-4a0b-85de-4836c25a0239, Type: image/jpeg, Size: 1152x309, Base64 length: 155028
2025-03-18 16:12:14.601 -   Image: 0d45809b-8b86-42fa-9bc9-53ee714ab139, Type: image/png, Size: 653x772, Base64 length: 422584
2025-03-18 16:12:14.602 -   Image: 8f0c2907-db10-4861-867f-873f774a928d, Type: image/png, Size: 655x772, Base64 length: 506728
2025-03-18 16:12:14.602 -   Image: ffd6e440-a8e5-4d6e-b909-c6f799a30c54, Type: image/png, Size: 778x587, Base64 length: 867408
2025-03-18 16:12:14.603 - Section 'Uplink Sensor and Processing Plan (S&PP)' contains 6 images
2025-03-18 16:12:14.603 -   Image: b4da2800-1321-4636-bd8e-1e934643bc4c, Type: image/jpeg, Size: 1210x721, Base64 length: 390212
2025-03-18 16:12:14.604 -   Image: 8f89eb55-fe72-4d3a-957f-879801846e3b, Type: image/jpeg, Size: 1217x135, Base64 length: 58380
2025-03-18 16:12:14.604 -   Image: d8c7ea50-3a9f-40d6-b77a-6181ef2a982a, Type: image/png, Size: 899x687, Base64 length: 479112
2025-03-18 16:12:14.605 -   Image: cacb4f68-02be-47d2-afc5-3b803b1dfe98, Type: image/png, Size: 897x685, Base64 length: 592300
2025-03-18 16:12:14.605 -   Image: f65bc343-04a0-4aeb-863e-3264e626ee5a, Type: image/png, Size: 894x681, Base64 length: 475684
2025-03-18 16:12:14.606 -   Image: e0696dd6-72f8-4c4a-ba0d-857b9b86537e, Type: image/png, Size: 897x686, Base64 length: 487136
2025-03-18 16:12:14.607 - Section 'Change Detection' contains 9 images
2025-03-18 16:12:14.607 -   Image: cffa01e4-6935-42dc-a97a-c29237bbec62, Type: image/png, Size: 669x684, Base64 length: 546164
2025-03-18 16:12:14.607 -   Image: 6168b805-5df1-454c-9db3-616249d7409c, Type: image/png, Size: 638x686, Base64 length: 515568
2025-03-18 16:12:14.608 -   Image: f609c07c-e8f2-4c56-92d8-1ae009579f74, Type: image/png, Size: 1100x288, Base64 length: 248396
2025-03-18 16:12:14.608 -   Image: c679f4f0-d849-4f66-b2a7-6c9ab2bf3d3a, Type: image/png, Size: 1099x327, Base64 length: 278252
2025-03-18 16:12:14.609 -   Image: a2126958-cf8a-4915-8de8-8ce51001a832, Type: image/png, Size: 818x489, Base64 length: 666724
2025-03-18 16:12:14.609 -   Image: 2cfe0331-7384-4947-b0f6-7fcc542b7bf6, Type: image/png, Size: 930x552, Base64 length: 856140
2025-03-18 16:12:14.610 -   Image: d473e953-61c3-49b2-9aa9-c8a235cd16d2, Type: image/png, Size: 1104x290, Base64 length: 271576
2025-03-18 16:12:14.610 -   Image: bf31c1c8-2e5d-4967-a976-5c1b4585b1a6, Type: image/png, Size: 1153x685, Base64 length: 1301356
2025-03-18 16:12:14.610 -   Image: 41458685-3c37-4d90-a1dc-7adcfdf66495, Type: image/png, Size: 637x684, Base64 length: 516620
2025-03-18 16:12:14.611 - Section 'Multiple Missions' contains 3 images
2025-03-18 16:12:14.612 -   Image: e8ab3858-e29b-4081-aedc-6bde8e056fc9, Type: image/png, Size: 829x497, Base64 length: 615108
2025-03-18 16:12:14.612 -   Image: cae2abd8-2058-4213-b715-af790c5bc6ec, Type: image/jpeg, Size: 315x309, Base64 length: 33876
2025-03-18 16:12:14.613 -   Image: 59363fc8-10e6-4fb8-ac46-2d914efb8466, Type: image/jpeg, Size: 729x425, Base64 length: 88380
2025-03-18 16:12:14.614 - Total images in document: 61
2025-03-18 16:12:14.615 - Starting extraction process
2025-03-18 16:12:14.615 - Processing multiple sections individually
2025-03-18 16:12:14.626 - Extracting section 1 to temp file: C:\Users\E21148888\AppData\Local\Temp\temp_section_0.docx
2025-03-18 16:12:15.101 - Extracting section 2 to temp file: C:\Users\E21148888\AppData\Local\Temp\temp_section_1.docx
2025-03-18 16:12:15.411 - Extracting section 3 to temp file: C:\Users\E21148888\AppData\Local\Temp\temp_section_2.docx
2025-03-18 16:12:15.695 - Extracting section 4 to temp file: C:\Users\E21148888\AppData\Local\Temp\temp_section_3.docx
2025-03-18 16:12:16.086 - Copying first temp file to output location
2025-03-18 16:12:16.090 - Extraction console output:
2025-03-18 16:12:16.091 - 
Starting section extraction with detailed logging...

Reading JSON from: C:\programs\AIML\my innovation\dev\TechManualAutomation\dev\DocumentProcessor\src\DocumentProcessor.UI\bin\Debug\net8.0-windows\output\40218-499 APS Plus OMM 35-IPR.json
JSON content length: 25,625,588 characters
Successfully deserialized 6 top-level sections

Starting section search:
Path to find: GENERAL INFORMATION > System Description > Ground Datalink Configurations

Searching for: 'GENERAL INFORMATION'
Available sections at this level:
- ''
- 'GENERAL INFORMATION'
  Subsections:
  - 'Overview'
  - 'System Description'
- ''
- 'OPERATOR INSTRUCTIONS'
  Subsections:
  - 'MCI Operator Instructions'
  - 'SCWS Operator Instructions'
  - 'CSP Operator Instructions'
- 'MAINTENANCE INSTRUCTIONS'
  Subsections:
  - 'Software Maintenance'
  - 'Operational Checkout'
  - 'Troubleshooting'
- 'SUPPORTING INFORMATION'
  Subsections:
  - 'Reference Data'
Found section: 'GENERAL INFORMATION'
Level: 1
Content length: 0 characters
Tables: 0
Images: 0
Subsections: 2

Searching for: 'System Description'
Available sections at this level:
- 'Overview'
  Subsections:
  - 'Scope'
  - 'Abbreviations and Acronyms'
  - 'Referenced Documents'
- 'System Description'
  Subsections:
  - 'Operating Sites'
  - 'Ground Datalink Configurations'
  - 'Multiple Datalink Capabilities'
  - 'Mission Threads'
  - 'APS+ Description'
  - 'APS+ Concept of Operations'
Found section: 'System Description'
Level: 2
Content length: 1361 characters
Tables: 0
Images: 0
Subsections: 6

Searching for: 'Ground Datalink Configurations'
Available sections at this level:
- 'Operating Sites'
- 'Ground Datalink Configurations'
  Subsections:
  - 'Direct LOS Configuration'
  - 'Reach Configuration'
  - 'BLOS Configuration'
- 'Multiple Datalink Capabilities'
- 'Mission Threads'
  Subsections:
  - 'ASARS-2A Data from Reach Site to Core Site'
  - 'ASARS-2A Data from RGS to Core Site'
- 'APS+ Description'
  Subsections:
  - 'APS+ Software Environment'
  - 'APS+ Interfaces'
  - 'Mission Control Interface (MCI)'
  - 'Sensor Control Workstation (SCWS)'
  - 'Common Sensor Planner (CSP)'
- 'APS+ Concept of Operations'
  Subsections:
  - 'Pre-Mission Operation'
  - 'Live Mission Operation'
  - 'Off-Tether Operation'
Found section: 'Ground Datalink Configurations'
Level: 3
Content length: 243 characters
Tables: 0
Images: 0
Subsections: 3
Found target section: Ground Datalink Configurations
Number of subsections: 3

Creating document...

Processing section: Ground Datalink Configurations

Processing section: Direct LOS Configuration
Processing 1 images...
Original size: 880x711
Scaled size: 572x462.14992125984253

Processing section: Reach Configuration
Processing 1 images...
Original size: 879x707
Scaled size: 571.3499212598425x459.5499212598425

Processing section: BLOS Configuration
Processing 1 images...
Original size: 880x710
Scaled size: 572x461.4999475065617

Saving document...
Document created successfully at: C:\Users\E21148888\AppData\Local\Temp\temp_section_0.docx

Starting section extraction with detailed logging...

Reading JSON from: C:\programs\AIML\my innovation\dev\TechManualAutomation\dev\DocumentProcessor\src\DocumentProcessor.UI\bin\Debug\net8.0-windows\output\40218-499 APS Plus OMM 35-IPR.json
JSON content length: 25,625,588 characters
Successfully deserialized 6 top-level sections

Starting section search:
Path to find: GENERAL INFORMATION > System Description > Ground Datalink Configurations > Direct LOS Configuration

Searching for: 'GENERAL INFORMATION'
Available sections at this level:
- ''
- 'GENERAL INFORMATION'
  Subsections:
  - 'Overview'
  - 'System Description'
- ''
- 'OPERATOR INSTRUCTIONS'
  Subsections:
  - 'MCI Operator Instructions'
  - 'SCWS Operator Instructions'
  - 'CSP Operator Instructions'
- 'MAINTENANCE INSTRUCTIONS'
  Subsections:
  - 'Software Maintenance'
  - 'Operational Checkout'
  - 'Troubleshooting'
- 'SUPPORTING INFORMATION'
  Subsections:
  - 'Reference Data'
Found section: 'GENERAL INFORMATION'
Level: 1
Content length: 0 characters
Tables: 0
Images: 0
Subsections: 2

Searching for: 'System Description'
Available sections at this level:
- 'Overview'
  Subsections:
  - 'Scope'
  - 'Abbreviations and Acronyms'
  - 'Referenced Documents'
- 'System Description'
  Subsections:
  - 'Operating Sites'
  - 'Ground Datalink Configurations'
  - 'Multiple Datalink Capabilities'
  - 'Mission Threads'
  - 'APS+ Description'
  - 'APS+ Concept of Operations'
Found section: 'System Description'
Level: 2
Content length: 1361 characters
Tables: 0
Images: 0
Subsections: 6

Searching for: 'Ground Datalink Configurations'
Available sections at this level:
- 'Operating Sites'
- 'Ground Datalink Configurations'
  Subsections:
  - 'Direct LOS Configuration'
  - 'Reach Configuration'
  - 'BLOS Configuration'
- 'Multiple Datalink Capabilities'
- 'Mission Threads'
  Subsections:
  - 'ASARS-2A Data from Reach Site to Core Site'
  - 'ASARS-2A Data from RGS to Core Site'
- 'APS+ Description'
  Subsections:
  - 'APS+ Software Environment'
  - 'APS+ Interfaces'
  - 'Mission Control Interface (MCI)'
  - 'Sensor Control Workstation (SCWS)'
  - 'Common Sensor Planner (CSP)'
- 'APS+ Concept of Operations'
  Subsections:
  - 'Pre-Mission Operation'
  - 'Live Mission Operation'
  - 'Off-Tether Operation'
Found section: 'Ground Datalink Configurations'
Level: 3
Content length: 243 characters
Tables: 0
Images: 0
Subsections: 3

Searching for: 'Direct LOS Configuration'
Available sections at this level:
- 'Direct LOS Configuration'
- 'Reach Configuration'
- 'BLOS Configuration'
Found section: 'Direct LOS Configuration'
Level: 4
Content length: 567 characters
Tables: 0
Images: 1
Subsections: 0

Image details:
- Image ID: 71f861ab-38c1-4f12-8468-ba503d979966
  Type: image/png
  Size: 880x711
  Base64 length: 600272
Found target section: Direct LOS Configuration
Number of subsections: 0

Creating document...

Processing section: Direct LOS Configuration
Processing 1 images...
Original size: 880x711
Scaled size: 572x462.14992125984253

Saving document...
Document created successfully at: C:\Users\E21148888\AppData\Local\Temp\temp_section_1.docx

Starting section extraction with detailed logging...

Reading JSON from: C:\programs\AIML\my innovation\dev\TechManualAutomation\dev\DocumentProcessor\src\DocumentProcessor.UI\bin\Debug\net8.0-windows\output\40218-499 APS Plus OMM 35-IPR.json
JSON content length: 25,625,588 characters
Successfully deserialized 6 top-level sections

Starting section search:
Path to find: GENERAL INFORMATION > System Description > Ground Datalink Configurations > Reach Configuration

Searching for: 'GENERAL INFORMATION'
Available sections at this level:
- ''
- 'GENERAL INFORMATION'
  Subsections:
  - 'Overview'
  - 'System Description'
- ''
- 'OPERATOR INSTRUCTIONS'
  Subsections:
  - 'MCI Operator Instructions'
  - 'SCWS Operator Instructions'
  - 'CSP Operator Instructions'
- 'MAINTENANCE INSTRUCTIONS'
  Subsections:
  - 'Software Maintenance'
  - 'Operational Checkout'
  - 'Troubleshooting'
- 'SUPPORTING INFORMATION'
  Subsections:
  - 'Reference Data'
Found section: 'GENERAL INFORMATION'
Level: 1
Content length: 0 characters
Tables: 0
Images: 0
Subsections: 2

Searching for: 'System Description'
Available sections at this level:
- 'Overview'
  Subsections:
  - 'Scope'
  - 'Abbreviations and Acronyms'
  - 'Referenced Documents'
- 'System Description'
  Subsections:
  - 'Operating Sites'
  - 'Ground Datalink Configurations'
  - 'Multiple Datalink Capabilities'
  - 'Mission Threads'
  - 'APS+ Description'
  - 'APS+ Concept of Operations'
Found section: 'System Description'
Level: 2
Content length: 1361 characters
Tables: 0
Images: 0
Subsections: 6

Searching for: 'Ground Datalink Configurations'
Available sections at this level:
- 'Operating Sites'
- 'Ground Datalink Configurations'
  Subsections:
  - 'Direct LOS Configuration'
  - 'Reach Configuration'
  - 'BLOS Configuration'
- 'Multiple Datalink Capabilities'
- 'Mission Threads'
  Subsections:
  - 'ASARS-2A Data from Reach Site to Core Site'
  - 'ASARS-2A Data from RGS to Core Site'
- 'APS+ Description'
  Subsections:
  - 'APS+ Software Environment'
  - 'APS+ Interfaces'
  - 'Mission Control Interface (MCI)'
  - 'Sensor Control Workstation (SCWS)'
  - 'Common Sensor Planner (CSP)'
- 'APS+ Concept of Operations'
  Subsections:
  - 'Pre-Mission Operation'
  - 'Live Mission Operation'
  - 'Off-Tether Operation'
Found section: 'Ground Datalink Configurations'
Level: 3
Content length: 243 characters
Tables: 0
Images: 0
Subsections: 3

Searching for: 'Reach Configuration'
Available sections at this level:
- 'Direct LOS Configuration'
- 'Reach Configuration'
- 'BLOS Configuration'
Found section: 'Reach Configuration'
Level: 4
Content length: 1019 characters
Tables: 0
Images: 1
Subsections: 0

Image details:
- Image ID: dcc26ed7-e58b-447b-9ffe-cc4827c7802d
  Type: image/png
  Size: 879x707
  Base64 length: 665800
Found target section: Reach Configuration
Number of subsections: 0

Creating document...

Processing section: Reach Configuration
Processing 1 images...
Original size: 879x707
Scaled size: 571.3499212598425x459.5499212598425

Saving document...
Document created successfully at: C:\Users\E21148888\AppData\Local\Temp\temp_section_2.docx

Starting section extraction with detailed logging...

Reading JSON from: C:\programs\AIML\my innovation\dev\TechManualAutomation\dev\DocumentProcessor\src\DocumentProcessor.UI\bin\Debug\net8.0-windows\output\40218-499 APS Plus OMM 35-IPR.json
JSON content length: 25,625,588 characters
Successfully deserialized 6 top-level sections

Starting section search:
Path to find: GENERAL INFORMATION > System Description > Ground Datalink Configurations > BLOS Configuration

Searching for: 'GENERAL INFORMATION'
Available sections at this level:
- ''
- 'GENERAL INFORMATION'
  Subsections:
  - 'Overview'
  - 'System Description'
- ''
- 'OPERATOR INSTRUCTIONS'
  Subsections:
  - 'MCI Operator Instructions'
  - 'SCWS Operator Instructions'
  - 'CSP Operator Instructions'
- 'MAINTENANCE INSTRUCTIONS'
  Subsections:
  - 'Software Maintenance'
  - 'Operational Checkout'
  - 'Troubleshooting'
- 'SUPPORTING INFORMATION'
  Subsections:
  - 'Reference Data'
Found section: 'GENERAL INFORMATION'
Level: 1
Content length: 0 characters
Tables: 0
Images: 0
Subsections: 2

Searching for: 'System Description'
Available sections at this level:
- 'Overview'
  Subsections:
  - 'Scope'
  - 'Abbreviations and Acronyms'
  - 'Referenced Documents'
- 'System Description'
  Subsections:
  - 'Operating Sites'
  - 'Ground Datalink Configurations'
  - 'Multiple Datalink Capabilities'
  - 'Mission Threads'
  - 'APS+ Description'
  - 'APS+ Concept of Operations'
Found section: 'System Description'
Level: 2
Content length: 1361 characters
Tables: 0
Images: 0
Subsections: 6

Searching for: 'Ground Datalink Configurations'
Available sections at this level:
- 'Operating Sites'
- 'Ground Datalink Configurations'
  Subsections:
  - 'Direct LOS Configuration'
  - 'Reach Configuration'
  - 'BLOS Configuration'
- 'Multiple Datalink Capabilities'
- 'Mission Threads'
  Subsections:
  - 'ASARS-2A Data from Reach Site to Core Site'
  - 'ASARS-2A Data from RGS to Core Site'
- 'APS+ Description'
  Subsections:
  - 'APS+ Software Environment'
  - 'APS+ Interfaces'
  - 'Mission Control Interface (MCI)'
  - 'Sensor Control Workstation (SCWS)'
  - 'Common Sensor Planner (CSP)'
- 'APS+ Concept of Operations'
  Subsections:
  - 'Pre-Mission Operation'
  - 'Live Mission Operation'
  - 'Off-Tether Operation'
Found section: 'Ground Datalink Configurations'
Level: 3
Content length: 243 characters
Tables: 0
Images: 0
Subsections: 3

Searching for: 'BLOS Configuration'
Available sections at this level:
- 'Direct LOS Configuration'
- 'Reach Configuration'
- 'BLOS Configuration'
Found section: 'BLOS Configuration'
Level: 4
Content length: 1001 characters
Tables: 0
Images: 1
Subsections: 0

Image details:
- Image ID: cb7452c2-e5b4-4a3b-be67-c21cfa9a1720
  Type: image/png
  Size: 880x710
  Base64 length: 705684
Found target section: BLOS Configuration
Number of subsections: 0

Creating document...

Processing section: BLOS Configuration
Processing 1 images...
Original size: 880x710
Scaled size: 572x461.4999475065617

Saving document...
Document created successfully at: C:\Users\E21148888\AppData\Local\Temp\temp_section_3.docx

2025-03-18 16:12:16.093 - Extraction completed
2025-03-18 16:12:17.555 - Analyzing extracted document for images: C:\programs\AIML\my innovation\dev\TechManualAutomation\dev\DocumentProcessor\src\DocumentProcessor.UI\bin\Debug\net8.0-windows\output\40218-499 APS Plus OMM 35-IPR_extracted_Config.docx
2025-03-18 16:12:17.558 - Extracted document size: 1,483,280 bytes
