2025-03-07 08:32:34.891 - Logging initialized
2025-03-07 08:32:34.895 - Application started
2025-03-07 08:33:49.604 - Extract button clicked
2025-03-07 08:33:49.608 - Selected 4 section paths
2025-03-07 08:33:49.609 - Selected path 1: GENERAL INFORMATION > System Description > Ground Datalink Configurations
2025-03-07 08:33:49.609 - Selected path 2: GENERAL INFORMATION > System Description > Ground Datalink Configurations > Direct LOS Configuration
2025-03-07 08:33:49.610 - Selected path 3: GENERAL INFORMATION > System Description > Ground Datalink Configurations > Reach Configuration
2025-03-07 08:33:49.611 - Selected path 4: GENERAL INFORMATION > System Description > Ground Datalink Configurations > BLOS Configuration
2025-03-07 08:33:59.764 - Output file selected: C:\programs\AIML\TechManualAutomation\dev\DocumentProcessor\src\DocumentProcessor.UI\bin\Debug\net8.0-windows\output\40218-499 APS Plus OMM 35-IPR_extracted1.docx
2025-03-07 08:33:59.781 - JSON file path: C:\programs\AIML\TechManualAutomation\dev\DocumentProcessor\src\DocumentProcessor.UI\bin\Debug\net8.0-windows\output\40218-499 APS Plus OMM 35-IPR.json
2025-03-07 08:34:00.424 - JSON contains 6 top-level sections
2025-03-07 08:34:00.427 - Section 'Direct LOS Configuration' contains 1 images
2025-03-07 08:34:00.428 -   Image: 2de98f62-e101-40e4-8352-3dfedfd3c6bb, Type: image/png, Size: 880x711, Base64 length: 600272
2025-03-07 08:34:00.429 - Section 'Reach Configuration' contains 1 images
2025-03-07 08:34:00.430 -   Image: 05f1691c-0003-4dc8-8b20-3a5977d9586b, Type: image/png, Size: 879x707, Base64 length: 665800
2025-03-07 08:34:00.431 - Section 'BLOS Configuration' contains 1 images
2025-03-07 08:34:00.432 -   Image: a2b9fbf8-605f-46b3-86af-756198221437, Type: image/png, Size: 880x710, Base64 length: 705684
2025-03-07 08:34:00.432 - Section 'Multiple Datalink Capabilities' contains 1 images
2025-03-07 08:34:00.433 -   Image: cc3f9697-edc4-4a31-ae84-7fa8163d8aad, Type: image/png, Size: 657x531, Base64 length: 425740
2025-03-07 08:34:00.434 - Section 'ASARS-2A Data from Reach Site to Core Site' contains 1 images
2025-03-07 08:34:00.435 -   Image: 40aab337-6345-4d51-a760-ea9834e4725d, Type: image/jpeg, Size: 967x734, Base64 length: 233600
2025-03-07 08:34:00.436 - Section 'ASARS-2A Data from RGS to Core Site' contains 1 images
2025-03-07 08:34:00.437 -   Image: 511c47be-5eb9-42b0-a761-fac85bbeb8be, Type: image/jpeg, Size: 955x739, Base64 length: 188896
2025-03-07 08:34:00.438 - Section 'APS+ Interfaces' contains 1 images
2025-03-07 08:34:00.438 -   Image: 6de897fd-c4a2-46b2-8fe8-fb5869e05d60, Type: image/jpeg, Size: 997x734, Base64 length: 281400
2025-03-07 08:34:00.439 - Section 'MCI Core Site Options' contains 1 images
2025-03-07 08:34:00.440 -   Image: 0a0d9979-ec11-42dd-a9b7-e7afbb6d0d6a, Type: image/jpeg, Size: 960x720, Base64 length: 106516
2025-03-07 08:34:00.441 - Section 'MCI Reach Site Options' contains 1 images
2025-03-07 08:34:00.442 -   Image: 8cdc43a9-1fd5-4cc6-b1dd-f4a7b1540f1f, Type: image/jpeg, Size: 800x412, Base64 length: 76000
2025-03-07 08:34:00.443 - Section 'SCWS Displays and Controls' contains 8 images
2025-03-07 08:34:00.444 -   Image: 56e6a173-e4ec-4065-bf52-833f409e3984, Type: image/jpeg, Size: 758x655, Base64 length: 76548
2025-03-07 08:34:00.444 -   Image: 7370cd57-44cf-45bf-8c7c-b748310421d4, Type: image/jpeg, Size: 758x655, Base64 length: 190328
2025-03-07 08:34:00.445 -   Image: 70048349-f583-4c55-9650-371fc2fa794a, Type: image/jpeg, Size: 758x655, Base64 length: 101760
2025-03-07 08:34:00.446 -   Image: 85fc026b-91bf-4a1d-a31c-924f734cccd8, Type: image/jpeg, Size: 758x655, Base64 length: 88336
2025-03-07 08:34:00.447 -   Image: 68a02f16-721d-4595-8397-e9ea0ead5f89, Type: image/jpeg, Size: 758x655, Base64 length: 84448
2025-03-07 08:34:00.448 -   Image: 3bdc370b-c4cf-4012-a9aa-a9590df95300, Type: image/jpeg, Size: 758x655, Base64 length: 126152
2025-03-07 08:34:00.449 -   Image: 2eaa85c8-5ca0-406b-b9dc-c7d896412c7a, Type: image/jpeg, Size: 758x655, Base64 length: 166184
2025-03-07 08:34:00.450 -   Image: 07eb2e71-e728-4c53-801e-6c6e94b19db0, Type: image/jpeg, Size: 758x655, Base64 length: 182552
2025-03-07 08:34:00.451 - Section 'SCWS Startup' contains 1 images
2025-03-07 08:34:00.452 -   Image: 435b00b2-cfc0-4402-ac29-6a7f67986a33, Type: image/jpeg, Size: 960x720, Base64 length: 49588
2025-03-07 08:34:00.453 - Section 'Scale Image' contains 6 images
2025-03-07 08:34:00.454 -   Image: 7a283b6b-09ad-4c00-82f4-68d2ddb854c9, Type: image/png, Size: 238x391, Base64 length: 30008
2025-03-07 08:34:00.455 -   Image: ab61f08a-1739-4bda-bc97-fda9b3891c21, Type: image/png, Size: 448x139, Base64 length: 31896
2025-03-07 08:34:00.456 -   Image: ad7f5c1b-a7a2-4e22-b416-dbb9c515faf8, Type: image/png, Size: 340x202, Base64 length: 30264
2025-03-07 08:34:00.457 -   Image: e5d0cfd5-cf52-4c4f-858b-8ca7a5f3d42b, Type: image/png, Size: 486x151, Base64 length: 33496
2025-03-07 08:34:00.458 -   Image: 483086b4-4bbf-4b12-a0a2-d54462222fff, Type: image/png, Size: 197x146, Base64 length: 20740
2025-03-07 08:34:00.459 -   Image: 6862e6ea-13c1-416a-bb6d-297a68d34646, Type: image/png, Size: 365x195, Base64 length: 28932
2025-03-07 08:34:00.460 - Section 'CSP Startup' contains 3 images
2025-03-07 08:34:00.461 -   Image: cca772ce-8441-40d5-b437-1b074551a8ae, Type: image/jpeg, Size: 1210x720, Base64 length: 393648
2025-03-07 08:34:00.462 -   Image: 03f325e5-659f-4839-b70d-9d783f13bec5, Type: image/png, Size: 735x166, Base64 length: 138596
2025-03-07 08:34:00.463 -   Image: 417a71ef-6903-480e-af11-ddc56988770f, Type: image/jpeg, Size: 715x828, Base64 length: 491156
2025-03-07 08:34:00.464 - Section 'Destination Points' contains 4 images
2025-03-07 08:34:00.464 -   Image: 2f840a4f-28ab-4776-a050-187f0517b1b7, Type: image/jpeg, Size: 1171x696, Base64 length: 366284
2025-03-07 08:34:00.465 -   Image: 54828642-8618-4118-be87-ada2bdad2b7e, Type: image/png, Size: 1123x647, Base64 length: 863164
2025-03-07 08:34:00.466 -   Image: 1702ca12-f916-4c22-846d-8b0b1dd0baf1, Type: image/png, Size: 572x387, Base64 length: 180956
2025-03-07 08:34:00.467 -   Image: 9e29301a-c6d1-4991-83f6-117788d26f5b, Type: image/x-emf, Size: 636x446, Base64 length: 1510784
2025-03-07 08:34:00.468 - Section 'Targets' contains 5 images
2025-03-07 08:34:00.468 -   Image: d86af763-1485-4096-a3ff-1dcafe287a46, Type: image/jpeg, Size: 1235x735, Base64 length: 447980
2025-03-07 08:34:00.469 -   Image: b72016f8-3e34-4716-85bf-7a6c395d10cf, Type: image/jpeg, Size: 1134x673, Base64 length: 388892
2025-03-07 08:34:00.470 -   Image: 64f45630-b644-40c3-b37f-e7d146d3db37, Type: image/jpeg, Size: 1166x383, Base64 length: 90136
2025-03-07 08:34:00.471 -   Image: 9e840291-8796-4210-9cb0-bc139e877176, Type: image/jpeg, Size: 601x199, Base64 length: 53552
2025-03-07 08:34:00.472 -   Image: 6b5b7ce8-2877-4178-a929-ea2eebc67832, Type: image/jpeg, Size: 1166x383, Base64 length: 94832
2025-03-07 08:34:00.473 - Section 'Scenes' contains 7 images
2025-03-07 08:34:00.473 -   Image: 367d4d72-aa12-4f2a-818c-6552f18d8460, Type: image/png, Size: 841x776, Base64 length: 1026240
2025-03-07 08:34:00.474 -   Image: 33f3258a-91b0-40d0-a263-5f170174ba2d, Type: image/png, Size: 823x819, Base64 length: 1144000
2025-03-07 08:34:00.475 -   Image: 74dd67a6-dc7e-4e94-b158-99a89fac55f4, Type: image/png, Size: 950x569, Base64 length: 914592
2025-03-07 08:34:00.476 -   Image: 954f6e07-acc9-48ec-b260-7497446d3fd9, Type: image/jpeg, Size: 1152x309, Base64 length: 155028
2025-03-07 08:34:00.478 -   Image: f853ee25-ed90-40e8-acfe-dd5f9d0de985, Type: image/png, Size: 653x772, Base64 length: 422584
2025-03-07 08:34:00.478 -   Image: f706c1c9-963e-4b67-8123-120b1d5734c6, Type: image/png, Size: 655x772, Base64 length: 506728
2025-03-07 08:34:00.479 -   Image: 8d57bbb5-bdac-41c9-b6f3-687d07d0fab3, Type: image/png, Size: 778x587, Base64 length: 867408
2025-03-07 08:34:00.480 - Section 'Uplink Sensor and Processing Plan (S&PP)' contains 6 images
2025-03-07 08:34:00.481 -   Image: e319b7db-8a6b-49d2-b105-a93a23f9d236, Type: image/jpeg, Size: 1210x721, Base64 length: 390212
2025-03-07 08:34:00.482 -   Image: 6fcef82b-fb23-41e7-943a-a3edc8b1ad2e, Type: image/jpeg, Size: 1217x135, Base64 length: 58380
2025-03-07 08:34:00.483 -   Image: 3c743f7c-0b8e-4204-b623-e54125a45c21, Type: image/png, Size: 899x687, Base64 length: 479112
2025-03-07 08:34:00.483 -   Image: 0d72c4e1-7eea-4057-a6c0-877153ddb8ae, Type: image/png, Size: 897x685, Base64 length: 592300
2025-03-07 08:34:00.484 -   Image: 4b46046e-eb84-47a4-b42c-eb1f4a22c4f4, Type: image/png, Size: 894x681, Base64 length: 475684
2025-03-07 08:34:00.485 -   Image: 9a50baaf-5c67-4533-89d9-0abf8e287513, Type: image/png, Size: 897x686, Base64 length: 487136
2025-03-07 08:34:00.486 - Section 'Change Detection' contains 9 images
2025-03-07 08:34:00.487 -   Image: bc344411-fc6c-4e85-9c08-748aafb31cdb, Type: image/png, Size: 669x684, Base64 length: 546164
2025-03-07 08:34:00.488 -   Image: 85c463e0-d348-4a59-982f-05f8efe73f67, Type: image/png, Size: 638x686, Base64 length: 515568
2025-03-07 08:34:00.489 -   Image: bf7d5d5c-ef8a-4956-8c03-41d9a32d81ac, Type: image/png, Size: 1100x288, Base64 length: 248396
2025-03-07 08:34:00.490 -   Image: 972cf041-1d8b-45e5-bea5-a3f375551a08, Type: image/png, Size: 1099x327, Base64 length: 278252
2025-03-07 08:34:00.492 -   Image: a5bbf175-1c23-43d3-ae94-6cc476018724, Type: image/png, Size: 818x489, Base64 length: 666724
2025-03-07 08:34:00.493 -   Image: 79754fb5-013c-47d4-bf9c-6c4ad2530143, Type: image/png, Size: 930x552, Base64 length: 856140
2025-03-07 08:34:00.494 -   Image: ae87f6c3-87dd-4222-92a1-b3bee8e62d08, Type: image/png, Size: 1104x290, Base64 length: 271576
2025-03-07 08:34:00.494 -   Image: d0f24d58-9ff4-424e-b885-e63396465aa3, Type: image/png, Size: 1153x685, Base64 length: 1301356
2025-03-07 08:34:00.495 -   Image: 6a0f023d-39db-489a-89c4-1368c601c38b, Type: image/png, Size: 637x684, Base64 length: 516620
2025-03-07 08:34:00.496 - Section 'Multiple Missions' contains 3 images
2025-03-07 08:34:00.498 -   Image: 9db31c25-44e0-41c3-9b45-b7382594fe49, Type: image/png, Size: 829x497, Base64 length: 615108
2025-03-07 08:34:00.499 -   Image: 6db33bcc-6579-49a0-86c3-7251b02904c7, Type: image/jpeg, Size: 315x309, Base64 length: 33876
2025-03-07 08:34:00.500 -   Image: 4173f1fb-38f7-4b95-a5c8-1eca77ae2ff4, Type: image/jpeg, Size: 729x425, Base64 length: 88380
2025-03-07 08:34:00.501 - Total images in document: 61
2025-03-07 08:34:00.503 - Starting extraction process
2025-03-07 08:34:00.504 - Processing multiple sections individually
2025-03-07 08:34:00.534 - Extracting section 1 to temp file: C:\Users\E21148888\AppData\Local\Temp\temp_section_0.docx
2025-03-07 08:34:01.193 - Extracting section 2 to temp file: C:\Users\E21148888\AppData\Local\Temp\temp_section_1.docx
2025-03-07 08:34:01.618 - Extracting section 3 to temp file: C:\Users\E21148888\AppData\Local\Temp\temp_section_2.docx
2025-03-07 08:34:02.029 - Extracting section 4 to temp file: C:\Users\E21148888\AppData\Local\Temp\temp_section_3.docx
2025-03-07 08:34:02.429 - Copying first temp file to output location
2025-03-07 08:34:02.435 - Extraction console output:
2025-03-07 08:34:02.437 - 
Starting section extraction with detailed logging...

Reading JSON from: C:\programs\AIML\TechManualAutomation\dev\DocumentProcessor\src\DocumentProcessor.UI\bin\Debug\net8.0-windows\output\40218-499 APS Plus OMM 35-IPR.json
JSON content length: 25,625,588 characters
Successfully deserialized 6 top-level sections

Starting section search:
Path to find: GENERAL INFORMATION > System Description > Ground Datalink Configurations

Searching for: 'GENERAL INFORMATION'
Available sections at this level:
- ''
- 'GENERAL INFORMATION'
  Subsections:
  - 'Overview'
  - 'System Description'
- ''
- 'OPERATOR INSTRUCTIONS'
  Subsections:
  - 'MCI Operator Instructions'
  - 'SCWS Operator Instructions'
  - 'CSP Operator Instructions'
- 'MAINTENANCE INSTRUCTIONS'
  Subsections:
  - 'Software Maintenance'
  - 'Operational Checkout'
  - 'Troubleshooting'
- 'SUPPORTING INFORMATION'
  Subsections:
  - 'Reference Data'
Found section: 'GENERAL INFORMATION'
Level: 1
Content length: 0 characters
Tables: 0
Images: 0
Subsections: 2

Searching for: 'System Description'
Available sections at this level:
- 'Overview'
  Subsections:
  - 'Scope'
  - 'Abbreviations and Acronyms'
  - 'Referenced Documents'
- 'System Description'
  Subsections:
  - 'Operating Sites'
  - 'Ground Datalink Configurations'
  - 'Multiple Datalink Capabilities'
  - 'Mission Threads'
  - 'APS+ Description'
  - 'APS+ Concept of Operations'
Found section: 'System Description'
Level: 2
Content length: 1361 characters
Tables: 0
Images: 0
Subsections: 6

Searching for: 'Ground Datalink Configurations'
Available sections at this level:
- 'Operating Sites'
- 'Ground Datalink Configurations'
  Subsections:
  - 'Direct LOS Configuration'
  - 'Reach Configuration'
  - 'BLOS Configuration'
- 'Multiple Datalink Capabilities'
- 'Mission Threads'
  Subsections:
  - 'ASARS-2A Data from Reach Site to Core Site'
  - 'ASARS-2A Data from RGS to Core Site'
- 'APS+ Description'
  Subsections:
  - 'APS+ Software Environment'
  - 'APS+ Interfaces'
  - 'Mission Control Interface (MCI)'
  - 'Sensor Control Workstation (SCWS)'
  - 'Common Sensor Planner (CSP)'
- 'APS+ Concept of Operations'
  Subsections:
  - 'Pre-Mission Operation'
  - 'Live Mission Operation'
  - 'Off-Tether Operation'
Found section: 'Ground Datalink Configurations'
Level: 3
Content length: 243 characters
Tables: 0
Images: 0
Subsections: 3
Found target section: Ground Datalink Configurations
Number of subsections: 3

Creating document...

Processing section: Ground Datalink Configurations

Processing section: Direct LOS Configuration
Processing 1 images...
Original size: 880x711
Scaled size: 572x462.14992125984253

Processing section: Reach Configuration
Processing 1 images...
Original size: 879x707
Scaled size: 571.3499212598425x459.5499212598425

Processing section: BLOS Configuration
Processing 1 images...
Original size: 880x710
Scaled size: 572x461.4999475065617

Saving document...
Document created successfully at: C:\Users\E21148888\AppData\Local\Temp\temp_section_0.docx

Starting section extraction with detailed logging...

Reading JSON from: C:\programs\AIML\TechManualAutomation\dev\DocumentProcessor\src\DocumentProcessor.UI\bin\Debug\net8.0-windows\output\40218-499 APS Plus OMM 35-IPR.json
JSON content length: 25,625,588 characters
Successfully deserialized 6 top-level sections

Starting section search:
Path to find: GENERAL INFORMATION > System Description > Ground Datalink Configurations > Direct LOS Configuration

Searching for: 'GENERAL INFORMATION'
Available sections at this level:
- ''
- 'GENERAL INFORMATION'
  Subsections:
  - 'Overview'
  - 'System Description'
- ''
- 'OPERATOR INSTRUCTIONS'
  Subsections:
  - 'MCI Operator Instructions'
  - 'SCWS Operator Instructions'
  - 'CSP Operator Instructions'
- 'MAINTENANCE INSTRUCTIONS'
  Subsections:
  - 'Software Maintenance'
  - 'Operational Checkout'
  - 'Troubleshooting'
- 'SUPPORTING INFORMATION'
  Subsections:
  - 'Reference Data'
Found section: 'GENERAL INFORMATION'
Level: 1
Content length: 0 characters
Tables: 0
Images: 0
Subsections: 2

Searching for: 'System Description'
Available sections at this level:
- 'Overview'
  Subsections:
  - 'Scope'
  - 'Abbreviations and Acronyms'
  - 'Referenced Documents'
- 'System Description'
  Subsections:
  - 'Operating Sites'
  - 'Ground Datalink Configurations'
  - 'Multiple Datalink Capabilities'
  - 'Mission Threads'
  - 'APS+ Description'
  - 'APS+ Concept of Operations'
Found section: 'System Description'
Level: 2
Content length: 1361 characters
Tables: 0
Images: 0
Subsections: 6

Searching for: 'Ground Datalink Configurations'
Available sections at this level:
- 'Operating Sites'
- 'Ground Datalink Configurations'
  Subsections:
  - 'Direct LOS Configuration'
  - 'Reach Configuration'
  - 'BLOS Configuration'
- 'Multiple Datalink Capabilities'
- 'Mission Threads'
  Subsections:
  - 'ASARS-2A Data from Reach Site to Core Site'
  - 'ASARS-2A Data from RGS to Core Site'
- 'APS+ Description'
  Subsections:
  - 'APS+ Software Environment'
  - 'APS+ Interfaces'
  - 'Mission Control Interface (MCI)'
  - 'Sensor Control Workstation (SCWS)'
  - 'Common Sensor Planner (CSP)'
- 'APS+ Concept of Operations'
  Subsections:
  - 'Pre-Mission Operation'
  - 'Live Mission Operation'
  - 'Off-Tether Operation'
Found section: 'Ground Datalink Configurations'
Level: 3
Content length: 243 characters
Tables: 0
Images: 0
Subsections: 3

Searching for: 'Direct LOS Configuration'
Available sections at this level:
- 'Direct LOS Configuration'
- 'Reach Configuration'
- 'BLOS Configuration'
Found section: 'Direct LOS Configuration'
Level: 4
Content length: 567 characters
Tables: 0
Images: 1
Subsections: 0

Image details:
- Image ID: 2de98f62-e101-40e4-8352-3dfedfd3c6bb
  Type: image/png
  Size: 880x711
  Base64 length: 600272
Found target section: Direct LOS Configuration
Number of subsections: 0

Creating document...

Processing section: Direct LOS Configuration
Processing 1 images...
Original size: 880x711
Scaled size: 572x462.14992125984253

Saving document...
Document created successfully at: C:\Users\E21148888\AppData\Local\Temp\temp_section_1.docx

Starting section extraction with detailed logging...

Reading JSON from: C:\programs\AIML\TechManualAutomation\dev\DocumentProcessor\src\DocumentProcessor.UI\bin\Debug\net8.0-windows\output\40218-499 APS Plus OMM 35-IPR.json
JSON content length: 25,625,588 characters
Successfully deserialized 6 top-level sections

Starting section search:
Path to find: GENERAL INFORMATION > System Description > Ground Datalink Configurations > Reach Configuration

Searching for: 'GENERAL INFORMATION'
Available sections at this level:
- ''
- 'GENERAL INFORMATION'
  Subsections:
  - 'Overview'
  - 'System Description'
- ''
- 'OPERATOR INSTRUCTIONS'
  Subsections:
  - 'MCI Operator Instructions'
  - 'SCWS Operator Instructions'
  - 'CSP Operator Instructions'
- 'MAINTENANCE INSTRUCTIONS'
  Subsections:
  - 'Software Maintenance'
  - 'Operational Checkout'
  - 'Troubleshooting'
- 'SUPPORTING INFORMATION'
  Subsections:
  - 'Reference Data'
Found section: 'GENERAL INFORMATION'
Level: 1
Content length: 0 characters
Tables: 0
Images: 0
Subsections: 2

Searching for: 'System Description'
Available sections at this level:
- 'Overview'
  Subsections:
  - 'Scope'
  - 'Abbreviations and Acronyms'
  - 'Referenced Documents'
- 'System Description'
  Subsections:
  - 'Operating Sites'
  - 'Ground Datalink Configurations'
  - 'Multiple Datalink Capabilities'
  - 'Mission Threads'
  - 'APS+ Description'
  - 'APS+ Concept of Operations'
Found section: 'System Description'
Level: 2
Content length: 1361 characters
Tables: 0
Images: 0
Subsections: 6

Searching for: 'Ground Datalink Configurations'
Available sections at this level:
- 'Operating Sites'
- 'Ground Datalink Configurations'
  Subsections:
  - 'Direct LOS Configuration'
  - 'Reach Configuration'
  - 'BLOS Configuration'
- 'Multiple Datalink Capabilities'
- 'Mission Threads'
  Subsections:
  - 'ASARS-2A Data from Reach Site to Core Site'
  - 'ASARS-2A Data from RGS to Core Site'
- 'APS+ Description'
  Subsections:
  - 'APS+ Software Environment'
  - 'APS+ Interfaces'
  - 'Mission Control Interface (MCI)'
  - 'Sensor Control Workstation (SCWS)'
  - 'Common Sensor Planner (CSP)'
- 'APS+ Concept of Operations'
  Subsections:
  - 'Pre-Mission Operation'
  - 'Live Mission Operation'
  - 'Off-Tether Operation'
Found section: 'Ground Datalink Configurations'
Level: 3
Content length: 243 characters
Tables: 0
Images: 0
Subsections: 3

Searching for: 'Reach Configuration'
Available sections at this level:
- 'Direct LOS Configuration'
- 'Reach Configuration'
- 'BLOS Configuration'
Found section: 'Reach Configuration'
Level: 4
Content length: 1019 characters
Tables: 0
Images: 1
Subsections: 0

Image details:
- Image ID: 05f1691c-0003-4dc8-8b20-3a5977d9586b
  Type: image/png
  Size: 879x707
  Base64 length: 665800
Found target section: Reach Configuration
Number of subsections: 0

Creating document...

Processing section: Reach Configuration
Processing 1 images...
Original size: 879x707
Scaled size: 571.3499212598425x459.5499212598425

Saving document...
Document created successfully at: C:\Users\E21148888\AppData\Local\Temp\temp_section_2.docx

Starting section extraction with detailed logging...

Reading JSON from: C:\programs\AIML\TechManualAutomation\dev\DocumentProcessor\src\DocumentProcessor.UI\bin\Debug\net8.0-windows\output\40218-499 APS Plus OMM 35-IPR.json
JSON content length: 25,625,588 characters
Successfully deserialized 6 top-level sections

Starting section search:
Path to find: GENERAL INFORMATION > System Description > Ground Datalink Configurations > BLOS Configuration

Searching for: 'GENERAL INFORMATION'
Available sections at this level:
- ''
- 'GENERAL INFORMATION'
  Subsections:
  - 'Overview'
  - 'System Description'
- ''
- 'OPERATOR INSTRUCTIONS'
  Subsections:
  - 'MCI Operator Instructions'
  - 'SCWS Operator Instructions'
  - 'CSP Operator Instructions'
- 'MAINTENANCE INSTRUCTIONS'
  Subsections:
  - 'Software Maintenance'
  - 'Operational Checkout'
  - 'Troubleshooting'
- 'SUPPORTING INFORMATION'
  Subsections:
  - 'Reference Data'
Found section: 'GENERAL INFORMATION'
Level: 1
Content length: 0 characters
Tables: 0
Images: 0
Subsections: 2

Searching for: 'System Description'
Available sections at this level:
- 'Overview'
  Subsections:
  - 'Scope'
  - 'Abbreviations and Acronyms'
  - 'Referenced Documents'
- 'System Description'
  Subsections:
  - 'Operating Sites'
  - 'Ground Datalink Configurations'
  - 'Multiple Datalink Capabilities'
  - 'Mission Threads'
  - 'APS+ Description'
  - 'APS+ Concept of Operations'
Found section: 'System Description'
Level: 2
Content length: 1361 characters
Tables: 0
Images: 0
Subsections: 6

Searching for: 'Ground Datalink Configurations'
Available sections at this level:
- 'Operating Sites'
- 'Ground Datalink Configurations'
  Subsections:
  - 'Direct LOS Configuration'
  - 'Reach Configuration'
  - 'BLOS Configuration'
- 'Multiple Datalink Capabilities'
- 'Mission Threads'
  Subsections:
  - 'ASARS-2A Data from Reach Site to Core Site'
  - 'ASARS-2A Data from RGS to Core Site'
- 'APS+ Description'
  Subsections:
  - 'APS+ Software Environment'
  - 'APS+ Interfaces'
  - 'Mission Control Interface (MCI)'
  - 'Sensor Control Workstation (SCWS)'
  - 'Common Sensor Planner (CSP)'
- 'APS+ Concept of Operations'
  Subsections:
  - 'Pre-Mission Operation'
  - 'Live Mission Operation'
  - 'Off-Tether Operation'
Found section: 'Ground Datalink Configurations'
Level: 3
Content length: 243 characters
Tables: 0
Images: 0
Subsections: 3

Searching for: 'BLOS Configuration'
Available sections at this level:
- 'Direct LOS Configuration'
- 'Reach Configuration'
- 'BLOS Configuration'
Found section: 'BLOS Configuration'
Level: 4
Content length: 1001 characters
Tables: 0
Images: 1
Subsections: 0

Image details:
- Image ID: a2b9fbf8-605f-46b3-86af-756198221437
  Type: image/png
  Size: 880x710
  Base64 length: 705684
Found target section: BLOS Configuration
Number of subsections: 0

Creating document...

Processing section: BLOS Configuration
Processing 1 images...
Original size: 880x710
Scaled size: 572x461.4999475065617

Saving document...
Document created successfully at: C:\Users\E21148888\AppData\Local\Temp\temp_section_3.docx

2025-03-07 08:34:02.439 - Extraction completed
2025-03-07 08:34:04.293 - Analyzing extracted document for images: C:\programs\AIML\TechManualAutomation\dev\DocumentProcessor\src\DocumentProcessor.UI\bin\Debug\net8.0-windows\output\40218-499 APS Plus OMM 35-IPR_extracted1.docx
2025-03-07 08:34:04.297 - Extracted document size: 1,483,281 bytes
2025-03-07 08:35:06.820 - Extract button clicked
2025-03-07 08:35:06.824 - Selected 20 section paths
2025-03-07 08:35:06.824 - Selected path 1: GENERAL INFORMATION > System Description
2025-03-07 08:35:06.826 - Selected path 2: GENERAL INFORMATION > System Description > Operating Sites
2025-03-07 08:35:06.827 - Selected path 3: GENERAL INFORMATION > System Description > Ground Datalink Configurations
2025-03-07 08:35:06.827 - Selected path 4: GENERAL INFORMATION > System Description > Ground Datalink Configurations > Direct LOS Configuration
2025-03-07 08:35:06.828 - Selected path 5: GENERAL INFORMATION > System Description > Ground Datalink Configurations > Reach Configuration
2025-03-07 08:35:06.829 - Selected path 6: GENERAL INFORMATION > System Description > Ground Datalink Configurations > BLOS Configuration
2025-03-07 08:35:06.829 - Selected path 7: GENERAL INFORMATION > System Description > Multiple Datalink Capabilities
2025-03-07 08:35:06.830 - Selected path 8: GENERAL INFORMATION > System Description > Mission Threads
2025-03-07 08:35:06.830 - Selected path 9: GENERAL INFORMATION > System Description > Mission Threads > ASARS-2A Data from Reach Site to Core Site
2025-03-07 08:35:06.831 - Selected path 10: GENERAL INFORMATION > System Description > Mission Threads > ASARS-2A Data from RGS to Core Site
2025-03-07 08:35:06.831 - Selected path 11: GENERAL INFORMATION > System Description > APS+ Description
2025-03-07 08:35:06.832 - Selected path 12: GENERAL INFORMATION > System Description > APS+ Description > APS+ Software Environment
2025-03-07 08:35:06.832 - Selected path 13: GENERAL INFORMATION > System Description > APS+ Description > APS+ Interfaces
2025-03-07 08:35:06.833 - Selected path 14: GENERAL INFORMATION > System Description > APS+ Description > Mission Control Interface (MCI)
2025-03-07 08:35:06.833 - Selected path 15: GENERAL INFORMATION > System Description > APS+ Description > Sensor Control Workstation (SCWS)
2025-03-07 08:35:06.834 - Selected path 16: GENERAL INFORMATION > System Description > APS+ Description > Common Sensor Planner (CSP)
2025-03-07 08:35:06.834 - Selected path 17: GENERAL INFORMATION > System Description > APS+ Concept of Operations
2025-03-07 08:35:06.835 - Selected path 18: GENERAL INFORMATION > System Description > APS+ Concept of Operations > Pre-Mission Operation
2025-03-07 08:35:06.835 - Selected path 19: GENERAL INFORMATION > System Description > APS+ Concept of Operations > Live Mission Operation
2025-03-07 08:35:06.836 - Selected path 20: GENERAL INFORMATION > System Description > APS+ Concept of Operations > Off-Tether Operation
2025-03-07 08:35:23.622 - Output file selected: C:\programs\AIML\TechManualAutomation\dev\DocumentProcessor\src\DocumentProcessor.UI\bin\Debug\net8.0-windows\output\40218-499 APS Plus OMM 35-IPR_extracted2.docx
2025-03-07 08:35:23.634 - JSON file path: C:\programs\AIML\TechManualAutomation\dev\DocumentProcessor\src\DocumentProcessor.UI\bin\Debug\net8.0-windows\output\40218-499 APS Plus OMM 35-IPR.json
2025-03-07 08:35:23.905 - JSON contains 6 top-level sections
2025-03-07 08:35:23.905 - Section 'Direct LOS Configuration' contains 1 images
2025-03-07 08:35:23.906 -   Image: 2de98f62-e101-40e4-8352-3dfedfd3c6bb, Type: image/png, Size: 880x711, Base64 length: 600272
2025-03-07 08:35:23.907 - Section 'Reach Configuration' contains 1 images
2025-03-07 08:35:23.907 -   Image: 05f1691c-0003-4dc8-8b20-3a5977d9586b, Type: image/png, Size: 879x707, Base64 length: 665800
2025-03-07 08:35:23.908 - Section 'BLOS Configuration' contains 1 images
2025-03-07 08:35:23.909 -   Image: a2b9fbf8-605f-46b3-86af-756198221437, Type: image/png, Size: 880x710, Base64 length: 705684
2025-03-07 08:35:23.909 - Section 'Multiple Datalink Capabilities' contains 1 images
2025-03-07 08:35:23.910 -   Image: cc3f9697-edc4-4a31-ae84-7fa8163d8aad, Type: image/png, Size: 657x531, Base64 length: 425740
2025-03-07 08:35:23.910 - Section 'ASARS-2A Data from Reach Site to Core Site' contains 1 images
2025-03-07 08:35:23.911 -   Image: 40aab337-6345-4d51-a760-ea9834e4725d, Type: image/jpeg, Size: 967x734, Base64 length: 233600
2025-03-07 08:35:23.911 - Section 'ASARS-2A Data from RGS to Core Site' contains 1 images
2025-03-07 08:35:23.912 -   Image: 511c47be-5eb9-42b0-a761-fac85bbeb8be, Type: image/jpeg, Size: 955x739, Base64 length: 188896
2025-03-07 08:35:23.912 - Section 'APS+ Interfaces' contains 1 images
2025-03-07 08:35:23.913 -   Image: 6de897fd-c4a2-46b2-8fe8-fb5869e05d60, Type: image/jpeg, Size: 997x734, Base64 length: 281400
2025-03-07 08:35:23.913 - Section 'MCI Core Site Options' contains 1 images
2025-03-07 08:35:23.914 -   Image: 0a0d9979-ec11-42dd-a9b7-e7afbb6d0d6a, Type: image/jpeg, Size: 960x720, Base64 length: 106516
2025-03-07 08:35:23.915 - Section 'MCI Reach Site Options' contains 1 images
2025-03-07 08:35:23.916 -   Image: 8cdc43a9-1fd5-4cc6-b1dd-f4a7b1540f1f, Type: image/jpeg, Size: 800x412, Base64 length: 76000
2025-03-07 08:35:23.917 - Section 'SCWS Displays and Controls' contains 8 images
2025-03-07 08:35:23.918 -   Image: 56e6a173-e4ec-4065-bf52-833f409e3984, Type: image/jpeg, Size: 758x655, Base64 length: 76548
2025-03-07 08:35:23.918 -   Image: 7370cd57-44cf-45bf-8c7c-b748310421d4, Type: image/jpeg, Size: 758x655, Base64 length: 190328
2025-03-07 08:35:23.919 -   Image: 70048349-f583-4c55-9650-371fc2fa794a, Type: image/jpeg, Size: 758x655, Base64 length: 101760
2025-03-07 08:35:23.919 -   Image: 85fc026b-91bf-4a1d-a31c-924f734cccd8, Type: image/jpeg, Size: 758x655, Base64 length: 88336
2025-03-07 08:35:23.920 -   Image: 68a02f16-721d-4595-8397-e9ea0ead5f89, Type: image/jpeg, Size: 758x655, Base64 length: 84448
2025-03-07 08:35:23.920 -   Image: 3bdc370b-c4cf-4012-a9aa-a9590df95300, Type: image/jpeg, Size: 758x655, Base64 length: 126152
2025-03-07 08:35:23.920 -   Image: 2eaa85c8-5ca0-406b-b9dc-c7d896412c7a, Type: image/jpeg, Size: 758x655, Base64 length: 166184
2025-03-07 08:35:23.921 -   Image: 07eb2e71-e728-4c53-801e-6c6e94b19db0, Type: image/jpeg, Size: 758x655, Base64 length: 182552
2025-03-07 08:35:23.921 - Section 'SCWS Startup' contains 1 images
2025-03-07 08:35:23.922 -   Image: 435b00b2-cfc0-4402-ac29-6a7f67986a33, Type: image/jpeg, Size: 960x720, Base64 length: 49588
2025-03-07 08:35:23.922 - Section 'Scale Image' contains 6 images
2025-03-07 08:35:23.923 -   Image: 7a283b6b-09ad-4c00-82f4-68d2ddb854c9, Type: image/png, Size: 238x391, Base64 length: 30008
2025-03-07 08:35:23.923 -   Image: ab61f08a-1739-4bda-bc97-fda9b3891c21, Type: image/png, Size: 448x139, Base64 length: 31896
2025-03-07 08:35:23.924 -   Image: ad7f5c1b-a7a2-4e22-b416-dbb9c515faf8, Type: image/png, Size: 340x202, Base64 length: 30264
2025-03-07 08:35:23.924 -   Image: e5d0cfd5-cf52-4c4f-858b-8ca7a5f3d42b, Type: image/png, Size: 486x151, Base64 length: 33496
2025-03-07 08:35:23.925 -   Image: 483086b4-4bbf-4b12-a0a2-d54462222fff, Type: image/png, Size: 197x146, Base64 length: 20740
2025-03-07 08:35:23.926 -   Image: 6862e6ea-13c1-416a-bb6d-297a68d34646, Type: image/png, Size: 365x195, Base64 length: 28932
2025-03-07 08:35:23.927 - Section 'CSP Startup' contains 3 images
2025-03-07 08:35:23.927 -   Image: cca772ce-8441-40d5-b437-1b074551a8ae, Type: image/jpeg, Size: 1210x720, Base64 length: 393648
2025-03-07 08:35:23.928 -   Image: 03f325e5-659f-4839-b70d-9d783f13bec5, Type: image/png, Size: 735x166, Base64 length: 138596
2025-03-07 08:35:23.928 -   Image: 417a71ef-6903-480e-af11-ddc56988770f, Type: image/jpeg, Size: 715x828, Base64 length: 491156
2025-03-07 08:35:23.929 - Section 'Destination Points' contains 4 images
2025-03-07 08:35:23.930 -   Image: 2f840a4f-28ab-4776-a050-187f0517b1b7, Type: image/jpeg, Size: 1171x696, Base64 length: 366284
2025-03-07 08:35:23.930 -   Image: 54828642-8618-4118-be87-ada2bdad2b7e, Type: image/png, Size: 1123x647, Base64 length: 863164
2025-03-07 08:35:23.931 -   Image: 1702ca12-f916-4c22-846d-8b0b1dd0baf1, Type: image/png, Size: 572x387, Base64 length: 180956
2025-03-07 08:35:23.931 -   Image: 9e29301a-c6d1-4991-83f6-117788d26f5b, Type: image/x-emf, Size: 636x446, Base64 length: 1510784
2025-03-07 08:35:23.932 - Section 'Targets' contains 5 images
2025-03-07 08:35:23.933 -   Image: d86af763-1485-4096-a3ff-1dcafe287a46, Type: image/jpeg, Size: 1235x735, Base64 length: 447980
2025-03-07 08:35:23.933 -   Image: b72016f8-3e34-4716-85bf-7a6c395d10cf, Type: image/jpeg, Size: 1134x673, Base64 length: 388892
2025-03-07 08:35:23.934 -   Image: 64f45630-b644-40c3-b37f-e7d146d3db37, Type: image/jpeg, Size: 1166x383, Base64 length: 90136
2025-03-07 08:35:23.934 -   Image: 9e840291-8796-4210-9cb0-bc139e877176, Type: image/jpeg, Size: 601x199, Base64 length: 53552
2025-03-07 08:35:23.935 -   Image: 6b5b7ce8-2877-4178-a929-ea2eebc67832, Type: image/jpeg, Size: 1166x383, Base64 length: 94832
2025-03-07 08:35:23.936 - Section 'Scenes' contains 7 images
2025-03-07 08:35:23.937 -   Image: 367d4d72-aa12-4f2a-818c-6552f18d8460, Type: image/png, Size: 841x776, Base64 length: 1026240
2025-03-07 08:35:23.937 -   Image: 33f3258a-91b0-40d0-a263-5f170174ba2d, Type: image/png, Size: 823x819, Base64 length: 1144000
2025-03-07 08:35:23.938 -   Image: 74dd67a6-dc7e-4e94-b158-99a89fac55f4, Type: image/png, Size: 950x569, Base64 length: 914592
2025-03-07 08:35:23.938 -   Image: 954f6e07-acc9-48ec-b260-7497446d3fd9, Type: image/jpeg, Size: 1152x309, Base64 length: 155028
2025-03-07 08:35:23.939 -   Image: f853ee25-ed90-40e8-acfe-dd5f9d0de985, Type: image/png, Size: 653x772, Base64 length: 422584
2025-03-07 08:35:23.940 -   Image: f706c1c9-963e-4b67-8123-120b1d5734c6, Type: image/png, Size: 655x772, Base64 length: 506728
2025-03-07 08:35:23.940 -   Image: 8d57bbb5-bdac-41c9-b6f3-687d07d0fab3, Type: image/png, Size: 778x587, Base64 length: 867408
2025-03-07 08:35:23.941 - Section 'Uplink Sensor and Processing Plan (S&PP)' contains 6 images
2025-03-07 08:35:23.942 -   Image: e319b7db-8a6b-49d2-b105-a93a23f9d236, Type: image/jpeg, Size: 1210x721, Base64 length: 390212
2025-03-07 08:35:23.943 -   Image: 6fcef82b-fb23-41e7-943a-a3edc8b1ad2e, Type: image/jpeg, Size: 1217x135, Base64 length: 58380
2025-03-07 08:35:23.943 -   Image: 3c743f7c-0b8e-4204-b623-e54125a45c21, Type: image/png, Size: 899x687, Base64 length: 479112
2025-03-07 08:35:23.944 -   Image: 0d72c4e1-7eea-4057-a6c0-877153ddb8ae, Type: image/png, Size: 897x685, Base64 length: 592300
2025-03-07 08:35:23.944 -   Image: 4b46046e-eb84-47a4-b42c-eb1f4a22c4f4, Type: image/png, Size: 894x681, Base64 length: 475684
2025-03-07 08:35:23.945 -   Image: 9a50baaf-5c67-4533-89d9-0abf8e287513, Type: image/png, Size: 897x686, Base64 length: 487136
2025-03-07 08:35:23.946 - Section 'Change Detection' contains 9 images
2025-03-07 08:35:23.947 -   Image: bc344411-fc6c-4e85-9c08-748aafb31cdb, Type: image/png, Size: 669x684, Base64 length: 546164
2025-03-07 08:35:23.948 -   Image: 85c463e0-d348-4a59-982f-05f8efe73f67, Type: image/png, Size: 638x686, Base64 length: 515568
2025-03-07 08:35:23.948 -   Image: bf7d5d5c-ef8a-4956-8c03-41d9a32d81ac, Type: image/png, Size: 1100x288, Base64 length: 248396
2025-03-07 08:35:23.949 -   Image: 972cf041-1d8b-45e5-bea5-a3f375551a08, Type: image/png, Size: 1099x327, Base64 length: 278252
2025-03-07 08:35:23.950 -   Image: a5bbf175-1c23-43d3-ae94-6cc476018724, Type: image/png, Size: 818x489, Base64 length: 666724
2025-03-07 08:35:23.950 -   Image: 79754fb5-013c-47d4-bf9c-6c4ad2530143, Type: image/png, Size: 930x552, Base64 length: 856140
2025-03-07 08:35:23.951 -   Image: ae87f6c3-87dd-4222-92a1-b3bee8e62d08, Type: image/png, Size: 1104x290, Base64 length: 271576
2025-03-07 08:35:23.951 -   Image: d0f24d58-9ff4-424e-b885-e63396465aa3, Type: image/png, Size: 1153x685, Base64 length: 1301356
2025-03-07 08:35:23.952 -   Image: 6a0f023d-39db-489a-89c4-1368c601c38b, Type: image/png, Size: 637x684, Base64 length: 516620
2025-03-07 08:35:23.953 - Section 'Multiple Missions' contains 3 images
2025-03-07 08:35:23.953 -   Image: 9db31c25-44e0-41c3-9b45-b7382594fe49, Type: image/png, Size: 829x497, Base64 length: 615108
2025-03-07 08:35:23.954 -   Image: 6db33bcc-6579-49a0-86c3-7251b02904c7, Type: image/jpeg, Size: 315x309, Base64 length: 33876
2025-03-07 08:35:23.955 -   Image: 4173f1fb-38f7-4b95-a5c8-1eca77ae2ff4, Type: image/jpeg, Size: 729x425, Base64 length: 88380
2025-03-07 08:35:23.955 - Total images in document: 61
2025-03-07 08:35:23.956 - Starting extraction process
2025-03-07 08:35:23.957 - Processing multiple sections individually
2025-03-07 08:35:23.969 - Extracting section 1 to temp file: C:\Users\E21148888\AppData\Local\Temp\temp_section_0.docx
2025-03-07 08:35:24.335 - Extracting section 2 to temp file: C:\Users\E21148888\AppData\Local\Temp\temp_section_1.docx
2025-03-07 08:35:24.568 - Extracting section 3 to temp file: C:\Users\E21148888\AppData\Local\Temp\temp_section_2.docx
2025-03-07 08:35:24.918 - Extracting section 4 to temp file: C:\Users\E21148888\AppData\Local\Temp\temp_section_3.docx
2025-03-07 08:35:25.207 - Extracting section 5 to temp file: C:\Users\E21148888\AppData\Local\Temp\temp_section_4.docx
2025-03-07 08:35:25.528 - Extracting section 6 to temp file: C:\Users\E21148888\AppData\Local\Temp\temp_section_5.docx
2025-03-07 08:35:25.808 - Extracting section 7 to temp file: C:\Users\E21148888\AppData\Local\Temp\temp_section_6.docx
2025-03-07 08:35:26.109 - Extracting section 8 to temp file: C:\Users\E21148888\AppData\Local\Temp\temp_section_7.docx
2025-03-07 08:35:26.372 - Extracting section 9 to temp file: C:\Users\E21148888\AppData\Local\Temp\temp_section_8.docx
2025-03-07 08:35:26.611 - Extracting section 10 to temp file: C:\Users\E21148888\AppData\Local\Temp\temp_section_9.docx
2025-03-07 08:35:26.847 - Extracting section 11 to temp file: C:\Users\E21148888\AppData\Local\Temp\temp_section_10.docx
2025-03-07 08:35:27.093 - Extracting section 12 to temp file: C:\Users\E21148888\AppData\Local\Temp\temp_section_11.docx
2025-03-07 08:35:27.302 - Extracting section 13 to temp file: C:\Users\E21148888\AppData\Local\Temp\temp_section_12.docx
2025-03-07 08:35:27.534 - Extracting section 14 to temp file: C:\Users\E21148888\AppData\Local\Temp\temp_section_13.docx
2025-03-07 08:35:27.774 - Extracting section 15 to temp file: C:\Users\E21148888\AppData\Local\Temp\temp_section_14.docx
2025-03-07 08:35:28.023 - Extracting section 16 to temp file: C:\Users\E21148888\AppData\Local\Temp\temp_section_15.docx
2025-03-07 08:35:28.269 - Extracting section 17 to temp file: C:\Users\E21148888\AppData\Local\Temp\temp_section_16.docx
2025-03-07 08:35:28.526 - Extracting section 18 to temp file: C:\Users\E21148888\AppData\Local\Temp\temp_section_17.docx
2025-03-07 08:35:28.771 - Extracting section 19 to temp file: C:\Users\E21148888\AppData\Local\Temp\temp_section_18.docx
2025-03-07 08:35:28.982 - Extracting section 20 to temp file: C:\Users\E21148888\AppData\Local\Temp\temp_section_19.docx
2025-03-07 08:35:29.228 - Copying first temp file to output location
2025-03-07 08:35:29.232 - Extraction console output:
2025-03-07 08:35:29.233 - 
Starting section extraction with detailed logging...

Reading JSON from: C:\programs\AIML\TechManualAutomation\dev\DocumentProcessor\src\DocumentProcessor.UI\bin\Debug\net8.0-windows\output\40218-499 APS Plus OMM 35-IPR.json
JSON content length: 25,625,588 characters
Successfully deserialized 6 top-level sections

Starting section search:
Path to find: GENERAL INFORMATION > System Description

Searching for: 'GENERAL INFORMATION'
Available sections at this level:
- ''
- 'GENERAL INFORMATION'
  Subsections:
  - 'Overview'
  - 'System Description'
- ''
- 'OPERATOR INSTRUCTIONS'
  Subsections:
  - 'MCI Operator Instructions'
  - 'SCWS Operator Instructions'
  - 'CSP Operator Instructions'
- 'MAINTENANCE INSTRUCTIONS'
  Subsections:
  - 'Software Maintenance'
  - 'Operational Checkout'
  - 'Troubleshooting'
- 'SUPPORTING INFORMATION'
  Subsections:
  - 'Reference Data'
Found section: 'GENERAL INFORMATION'
Level: 1
Content length: 0 characters
Tables: 0
Images: 0
Subsections: 2

Searching for: 'System Description'
Available sections at this level:
- 'Overview'
  Subsections:
  - 'Scope'
  - 'Abbreviations and Acronyms'
  - 'Referenced Documents'
- 'System Description'
  Subsections:
  - 'Operating Sites'
  - 'Ground Datalink Configurations'
  - 'Multiple Datalink Capabilities'
  - 'Mission Threads'
  - 'APS+ Description'
  - 'APS+ Concept of Operations'
Found section: 'System Description'
Level: 2
Content length: 1361 characters
Tables: 0
Images: 0
Subsections: 6
Found target section: System Description
Number of subsections: 6

Creating document...

Processing section: System Description

Processing section: Operating Sites
Processing 1 tables...

Processing section: Ground Datalink Configurations

Processing section: Direct LOS Configuration
Processing 1 images...
Original size: 880x711
Scaled size: 572x462.14992125984253

Processing section: Reach Configuration
Processing 1 images...
Original size: 879x707
Scaled size: 571.3499212598425x459.5499212598425

Processing section: BLOS Configuration
Processing 1 images...
Original size: 880x710
Scaled size: 572x461.4999475065617

Processing section: Multiple Datalink Capabilities
Processing 1 images...
Original size: 657x531
Scaled size: 427.0499737532808x345.14992125984253

Processing section: Mission Threads

Processing section: ASARS-2A Data from Reach Site to Core Site
Processing 1 images...
Original size: 967x734
Scaled size: 628.5499212598426x477.0999475065617

Processing section: ASARS-2A Data from RGS to Core Site
Processing 1 images...
Original size: 955x739
Scaled size: 620.7499212598425x480.3499212598425

Processing section: APS+ Description

Processing section: APS+ Software Environment

Processing section: APS+ Interfaces
Processing 1 images...
Original size: 997x734
Scaled size: 648.0499737532808x477.0999475065617

Processing section: Mission Control Interface (MCI)

Processing section: Sensor Control Workstation (SCWS)

Processing section: Common Sensor Planner (CSP)

Processing section: APS+ Concept of Operations

Processing section: Pre-Mission Operation

Processing section: Live Mission Operation

Processing section: Off-Tether Operation

Saving document...
Document created successfully at: C:\Users\E21148888\AppData\Local\Temp\temp_section_0.docx

Starting section extraction with detailed logging...

Reading JSON from: C:\programs\AIML\TechManualAutomation\dev\DocumentProcessor\src\DocumentProcessor.UI\bin\Debug\net8.0-windows\output\40218-499 APS Plus OMM 35-IPR.json
JSON content length: 25,625,588 characters
Successfully deserialized 6 top-level sections

Starting section search:
Path to find: GENERAL INFORMATION > System Description > Operating Sites

Searching for: 'GENERAL INFORMATION'
Available sections at this level:
- ''
- 'GENERAL INFORMATION'
  Subsections:
  - 'Overview'
  - 'System Description'
- ''
- 'OPERATOR INSTRUCTIONS'
  Subsections:
  - 'MCI Operator Instructions'
  - 'SCWS Operator Instructions'
  - 'CSP Operator Instructions'
- 'MAINTENANCE INSTRUCTIONS'
  Subsections:
  - 'Software Maintenance'
  - 'Operational Checkout'
  - 'Troubleshooting'
- 'SUPPORTING INFORMATION'
  Subsections:
  - 'Reference Data'
Found section: 'GENERAL INFORMATION'
Level: 1
Content length: 0 characters
Tables: 0
Images: 0
Subsections: 2

Searching for: 'System Description'
Available sections at this level:
- 'Overview'
  Subsections:
  - 'Scope'
  - 'Abbreviations and Acronyms'
  - 'Referenced Documents'
- 'System Description'
  Subsections:
  - 'Operating Sites'
  - 'Ground Datalink Configurations'
  - 'Multiple Datalink Capabilities'
  - 'Mission Threads'
  - 'APS+ Description'
  - 'APS+ Concept of Operations'
Found section: 'System Description'
Level: 2
Content length: 1361 characters
Tables: 0
Images: 0
Subsections: 6

Searching for: 'Operating Sites'
Available sections at this level:
- 'Operating Sites'
- 'Ground Datalink Configurations'
  Subsections:
  - 'Direct LOS Configuration'
  - 'Reach Configuration'
  - 'BLOS Configuration'
- 'Multiple Datalink Capabilities'
- 'Mission Threads'
  Subsections:
  - 'ASARS-2A Data from Reach Site to Core Site'
  - 'ASARS-2A Data from RGS to Core Site'
- 'APS+ Description'
  Subsections:
  - 'APS+ Software Environment'
  - 'APS+ Interfaces'
  - 'Mission Control Interface (MCI)'
  - 'Sensor Control Workstation (SCWS)'
  - 'Common Sensor Planner (CSP)'
- 'APS+ Concept of Operations'
  Subsections:
  - 'Pre-Mission Operation'
  - 'Live Mission Operation'
  - 'Off-Tether Operation'
Found section: 'Operating Sites'
Level: 3
Content length: 671 characters
Tables: 1
Images: 0
Subsections: 0
Found target section: Operating Sites
Number of subsections: 0

Creating document...

Processing section: Operating Sites
Processing 1 tables...

Saving document...
Document created successfully at: C:\Users\E21148888\AppData\Local\Temp\temp_section_1.docx

Starting section extraction with detailed logging...

Reading JSON from: C:\programs\AIML\TechManualAutomation\dev\DocumentProcessor\src\DocumentProcessor.UI\bin\Debug\net8.0-windows\output\40218-499 APS Plus OMM 35-IPR.json
JSON content length: 25,625,588 characters
Successfully deserialized 6 top-level sections

Starting section search:
Path to find: GENERAL INFORMATION > System Description > Ground Datalink Configurations

Searching for: 'GENERAL INFORMATION'
Available sections at this level:
- ''
- 'GENERAL INFORMATION'
  Subsections:
  - 'Overview'
  - 'System Description'
- ''
- 'OPERATOR INSTRUCTIONS'
  Subsections:
  - 'MCI Operator Instructions'
  - 'SCWS Operator Instructions'
  - 'CSP Operator Instructions'
- 'MAINTENANCE INSTRUCTIONS'
  Subsections:
  - 'Software Maintenance'
  - 'Operational Checkout'
  - 'Troubleshooting'
- 'SUPPORTING INFORMATION'
  Subsections:
  - 'Reference Data'
Found section: 'GENERAL INFORMATION'
Level: 1
Content length: 0 characters
Tables: 0
Images: 0
Subsections: 2

Searching for: 'System Description'
Available sections at this level:
- 'Overview'
  Subsections:
  - 'Scope'
  - 'Abbreviations and Acronyms'
  - 'Referenced Documents'
- 'System Description'
  Subsections:
  - 'Operating Sites'
  - 'Ground Datalink Configurations'
  - 'Multiple Datalink Capabilities'
  - 'Mission Threads'
  - 'APS+ Description'
  - 'APS+ Concept of Operations'
Found section: 'System Description'
Level: 2
Content length: 1361 characters
Tables: 0
Images: 0
Subsections: 6

Searching for: 'Ground Datalink Configurations'
Available sections at this level:
- 'Operating Sites'
- 'Ground Datalink Configurations'
  Subsections:
  - 'Direct LOS Configuration'
  - 'Reach Configuration'
  - 'BLOS Configuration'
- 'Multiple Datalink Capabilities'
- 'Mission Threads'
  Subsections:
  - 'ASARS-2A Data from Reach Site to Core Site'
  - 'ASARS-2A Data from RGS to Core Site'
- 'APS+ Description'
  Subsections:
  - 'APS+ Software Environment'
  - 'APS+ Interfaces'
  - 'Mission Control Interface (MCI)'
  - 'Sensor Control Workstation (SCWS)'
  - 'Common Sensor Planner (CSP)'
- 'APS+ Concept of Operations'
  Subsections:
  - 'Pre-Mission Operation'
  - 'Live Mission Operation'
  - 'Off-Tether Operation'
Found section: 'Ground Datalink Configurations'
Level: 3
Content length: 243 characters
Tables: 0
Images: 0
Subsections: 3
Found target section: Ground Datalink Configurations
Number of subsections: 3

Creating document...

Processing section: Ground Datalink Configurations

Processing section: Direct LOS Configuration
Processing 1 images...
Original size: 880x711
Scaled size: 572x462.14992125984253

Processing section: Reach Configuration
Processing 1 images...
Original size: 879x707
Scaled size: 571.3499212598425x459.5499212598425

Processing section: BLOS Configuration
Processing 1 images...
Original size: 880x710
Scaled size: 572x461.4999475065617

Saving document...
Document created successfully at: C:\Users\E21148888\AppData\Local\Temp\temp_section_2.docx

Starting section extraction with detailed logging...

Reading JSON from: C:\programs\AIML\TechManualAutomation\dev\DocumentProcessor\src\DocumentProcessor.UI\bin\Debug\net8.0-windows\output\40218-499 APS Plus OMM 35-IPR.json
JSON content length: 25,625,588 characters
Successfully deserialized 6 top-level sections

Starting section search:
Path to find: GENERAL INFORMATION > System Description > Ground Datalink Configurations > Direct LOS Configuration

Searching for: 'GENERAL INFORMATION'
Available sections at this level:
- ''
- 'GENERAL INFORMATION'
  Subsections:
  - 'Overview'
  - 'System Description'
- ''
- 'OPERATOR INSTRUCTIONS'
  Subsections:
  - 'MCI Operator Instructions'
  - 'SCWS Operator Instructions'
  - 'CSP Operator Instructions'
- 'MAINTENANCE INSTRUCTIONS'
  Subsections:
  - 'Software Maintenance'
  - 'Operational Checkout'
  - 'Troubleshooting'
- 'SUPPORTING INFORMATION'
  Subsections:
  - 'Reference Data'
Found section: 'GENERAL INFORMATION'
Level: 1
Content length: 0 characters
Tables: 0
Images: 0
Subsections: 2

Searching for: 'System Description'
Available sections at this level:
- 'Overview'
  Subsections:
  - 'Scope'
  - 'Abbreviations and Acronyms'
  - 'Referenced Documents'
- 'System Description'
  Subsections:
  - 'Operating Sites'
  - 'Ground Datalink Configurations'
  - 'Multiple Datalink Capabilities'
  - 'Mission Threads'
  - 'APS+ Description'
  - 'APS+ Concept of Operations'
Found section: 'System Description'
Level: 2
Content length: 1361 characters
Tables: 0
Images: 0
Subsections: 6

Searching for: 'Ground Datalink Configurations'
Available sections at this level:
- 'Operating Sites'
- 'Ground Datalink Configurations'
  Subsections:
  - 'Direct LOS Configuration'
  - 'Reach Configuration'
  - 'BLOS Configuration'
- 'Multiple Datalink Capabilities'
- 'Mission Threads'
  Subsections:
  - 'ASARS-2A Data from Reach Site to Core Site'
  - 'ASARS-2A Data from RGS to Core Site'
- 'APS+ Description'
  Subsections:
  - 'APS+ Software Environment'
  - 'APS+ Interfaces'
  - 'Mission Control Interface (MCI)'
  - 'Sensor Control Workstation (SCWS)'
  - 'Common Sensor Planner (CSP)'
- 'APS+ Concept of Operations'
  Subsections:
  - 'Pre-Mission Operation'
  - 'Live Mission Operation'
  - 'Off-Tether Operation'
Found section: 'Ground Datalink Configurations'
Level: 3
Content length: 243 characters
Tables: 0
Images: 0
Subsections: 3

Searching for: 'Direct LOS Configuration'
Available sections at this level:
- 'Direct LOS Configuration'
- 'Reach Configuration'
- 'BLOS Configuration'
Found section: 'Direct LOS Configuration'
Level: 4
Content length: 567 characters
Tables: 0
Images: 1
Subsections: 0

Image details:
- Image ID: 2de98f62-e101-40e4-8352-3dfedfd3c6bb
  Type: image/png
  Size: 880x711
  Base64 length: 600272
Found target section: Direct LOS Configuration
Number of subsections: 0

Creating document...

Processing section: Direct LOS Configuration
Processing 1 images...
Original size: 880x711
Scaled size: 572x462.14992125984253

Saving document...
Document created successfully at: C:\Users\E21148888\AppData\Local\Temp\temp_section_3.docx

Starting section extraction with detailed logging...

Reading JSON from: C:\programs\AIML\TechManualAutomation\dev\DocumentProcessor\src\DocumentProcessor.UI\bin\Debug\net8.0-windows\output\40218-499 APS Plus OMM 35-IPR.json
JSON content length: 25,625,588 characters
Successfully deserialized 6 top-level sections

Starting section search:
Path to find: GENERAL INFORMATION > System Description > Ground Datalink Configurations > Reach Configuration

Searching for: 'GENERAL INFORMATION'
Available sections at this level:
- ''
- 'GENERAL INFORMATION'
  Subsections:
  - 'Overview'
  - 'System Description'
- ''
- 'OPERATOR INSTRUCTIONS'
  Subsections:
  - 'MCI Operator Instructions'
  - 'SCWS Operator Instructions'
  - 'CSP Operator Instructions'
- 'MAINTENANCE INSTRUCTIONS'
  Subsections:
  - 'Software Maintenance'
  - 'Operational Checkout'
  - 'Troubleshooting'
- 'SUPPORTING INFORMATION'
  Subsections:
  - 'Reference Data'
Found section: 'GENERAL INFORMATION'
Level: 1
Content length: 0 characters
Tables: 0
Images: 0
Subsections: 2

Searching for: 'System Description'
Available sections at this level:
- 'Overview'
  Subsections:
  - 'Scope'
  - 'Abbreviations and Acronyms'
  - 'Referenced Documents'
- 'System Description'
  Subsections:
  - 'Operating Sites'
  - 'Ground Datalink Configurations'
  - 'Multiple Datalink Capabilities'
  - 'Mission Threads'
  - 'APS+ Description'
  - 'APS+ Concept of Operations'
Found section: 'System Description'
Level: 2
Content length: 1361 characters
Tables: 0
Images: 0
Subsections: 6

Searching for: 'Ground Datalink Configurations'
Available sections at this level:
- 'Operating Sites'
- 'Ground Datalink Configurations'
  Subsections:
  - 'Direct LOS Configuration'
  - 'Reach Configuration'
  - 'BLOS Configuration'
- 'Multiple Datalink Capabilities'
- 'Mission Threads'
  Subsections:
  - 'ASARS-2A Data from Reach Site to Core Site'
  - 'ASARS-2A Data from RGS to Core Site'
- 'APS+ Description'
  Subsections:
  - 'APS+ Software Environment'
  - 'APS+ Interfaces'
  - 'Mission Control Interface (MCI)'
  - 'Sensor Control Workstation (SCWS)'
  - 'Common Sensor Planner (CSP)'
- 'APS+ Concept of Operations'
  Subsections:
  - 'Pre-Mission Operation'
  - 'Live Mission Operation'
  - 'Off-Tether Operation'
Found section: 'Ground Datalink Configurations'
Level: 3
Content length: 243 characters
Tables: 0
Images: 0
Subsections: 3

Searching for: 'Reach Configuration'
Available sections at this level:
- 'Direct LOS Configuration'
- 'Reach Configuration'
- 'BLOS Configuration'
Found section: 'Reach Configuration'
Level: 4
Content length: 1019 characters
Tables: 0
Images: 1
Subsections: 0

Image details:
- Image ID: 05f1691c-0003-4dc8-8b20-3a5977d9586b
  Type: image/png
  Size: 879x707
  Base64 length: 665800
Found target section: Reach Configuration
Number of subsections: 0

Creating document...

Processing section: Reach Configuration
Processing 1 images...
Original size: 879x707
Scaled size: 571.3499212598425x459.5499212598425

Saving document...
Document created successfully at: C:\Users\E21148888\AppData\Local\Temp\temp_section_4.docx

Starting section extraction with detailed logging...

Reading JSON from: C:\programs\AIML\TechManualAutomation\dev\DocumentProcessor\src\DocumentProcessor.UI\bin\Debug\net8.0-windows\output\40218-499 APS Plus OMM 35-IPR.json
JSON content length: 25,625,588 characters
Successfully deserialized 6 top-level sections

Starting section search:
Path to find: GENERAL INFORMATION > System Description > Ground Datalink Configurations > BLOS Configuration

Searching for: 'GENERAL INFORMATION'
Available sections at this level:
- ''
- 'GENERAL INFORMATION'
  Subsections:
  - 'Overview'
  - 'System Description'
- ''
- 'OPERATOR INSTRUCTIONS'
  Subsections:
  - 'MCI Operator Instructions'
  - 'SCWS Operator Instructions'
  - 'CSP Operator Instructions'
- 'MAINTENANCE INSTRUCTIONS'
  Subsections:
  - 'Software Maintenance'
  - 'Operational Checkout'
  - 'Troubleshooting'
- 'SUPPORTING INFORMATION'
  Subsections:
  - 'Reference Data'
Found section: 'GENERAL INFORMATION'
Level: 1
Content length: 0 characters
Tables: 0
Images: 0
Subsections: 2

Searching for: 'System Description'
Available sections at this level:
- 'Overview'
  Subsections:
  - 'Scope'
  - 'Abbreviations and Acronyms'
  - 'Referenced Documents'
- 'System Description'
  Subsections:
  - 'Operating Sites'
  - 'Ground Datalink Configurations'
  - 'Multiple Datalink Capabilities'
  - 'Mission Threads'
  - 'APS+ Description'
  - 'APS+ Concept of Operations'
Found section: 'System Description'
Level: 2
Content length: 1361 characters
Tables: 0
Images: 0
Subsections: 6

Searching for: 'Ground Datalink Configurations'
Available sections at this level:
- 'Operating Sites'
- 'Ground Datalink Configurations'
  Subsections:
  - 'Direct LOS Configuration'
  - 'Reach Configuration'
  - 'BLOS Configuration'
- 'Multiple Datalink Capabilities'
- 'Mission Threads'
  Subsections:
  - 'ASARS-2A Data from Reach Site to Core Site'
  - 'ASARS-2A Data from RGS to Core Site'
- 'APS+ Description'
  Subsections:
  - 'APS+ Software Environment'
  - 'APS+ Interfaces'
  - 'Mission Control Interface (MCI)'
  - 'Sensor Control Workstation (SCWS)'
  - 'Common Sensor Planner (CSP)'
- 'APS+ Concept of Operations'
  Subsections:
  - 'Pre-Mission Operation'
  - 'Live Mission Operation'
  - 'Off-Tether Operation'
Found section: 'Ground Datalink Configurations'
Level: 3
Content length: 243 characters
Tables: 0
Images: 0
Subsections: 3

Searching for: 'BLOS Configuration'
Available sections at this level:
- 'Direct LOS Configuration'
- 'Reach Configuration'
- 'BLOS Configuration'
Found section: 'BLOS Configuration'
Level: 4
Content length: 1001 characters
Tables: 0
Images: 1
Subsections: 0

Image details:
- Image ID: a2b9fbf8-605f-46b3-86af-756198221437
  Type: image/png
  Size: 880x710
  Base64 length: 705684
Found target section: BLOS Configuration
Number of subsections: 0

Creating document...

Processing section: BLOS Configuration
Processing 1 images...
Original size: 880x710
Scaled size: 572x461.4999475065617

Saving document...
Document created successfully at: C:\Users\E21148888\AppData\Local\Temp\temp_section_5.docx

Starting section extraction with detailed logging...

Reading JSON from: C:\programs\AIML\TechManualAutomation\dev\DocumentProcessor\src\DocumentProcessor.UI\bin\Debug\net8.0-windows\output\40218-499 APS Plus OMM 35-IPR.json
JSON content length: 25,625,588 characters
Successfully deserialized 6 top-level sections

Starting section search:
Path to find: GENERAL INFORMATION > System Description > Multiple Datalink Capabilities

Searching for: 'GENERAL INFORMATION'
Available sections at this level:
- ''
- 'GENERAL INFORMATION'
  Subsections:
  - 'Overview'
  - 'System Description'
- ''
- 'OPERATOR INSTRUCTIONS'
  Subsections:
  - 'MCI Operator Instructions'
  - 'SCWS Operator Instructions'
  - 'CSP Operator Instructions'
- 'MAINTENANCE INSTRUCTIONS'
  Subsections:
  - 'Software Maintenance'
  - 'Operational Checkout'
  - 'Troubleshooting'
- 'SUPPORTING INFORMATION'
  Subsections:
  - 'Reference Data'
Found section: 'GENERAL INFORMATION'
Level: 1
Content length: 0 characters
Tables: 0
Images: 0
Subsections: 2

Searching for: 'System Description'
Available sections at this level:
- 'Overview'
  Subsections:
  - 'Scope'
  - 'Abbreviations and Acronyms'
  - 'Referenced Documents'
- 'System Description'
  Subsections:
  - 'Operating Sites'
  - 'Ground Datalink Configurations'
  - 'Multiple Datalink Capabilities'
  - 'Mission Threads'
  - 'APS+ Description'
  - 'APS+ Concept of Operations'
Found section: 'System Description'
Level: 2
Content length: 1361 characters
Tables: 0
Images: 0
Subsections: 6

Searching for: 'Multiple Datalink Capabilities'
Available sections at this level:
- 'Operating Sites'
- 'Ground Datalink Configurations'
  Subsections:
  - 'Direct LOS Configuration'
  - 'Reach Configuration'
  - 'BLOS Configuration'
- 'Multiple Datalink Capabilities'
- 'Mission Threads'
  Subsections:
  - 'ASARS-2A Data from Reach Site to Core Site'
  - 'ASARS-2A Data from RGS to Core Site'
- 'APS+ Description'
  Subsections:
  - 'APS+ Software Environment'
  - 'APS+ Interfaces'
  - 'Mission Control Interface (MCI)'
  - 'Sensor Control Workstation (SCWS)'
  - 'Common Sensor Planner (CSP)'
- 'APS+ Concept of Operations'
  Subsections:
  - 'Pre-Mission Operation'
  - 'Live Mission Operation'
  - 'Off-Tether Operation'
Found section: 'Multiple Datalink Capabilities'
Level: 3
Content length: 657 characters
Tables: 0
Images: 1
Subsections: 0

Image details:
- Image ID: cc3f9697-edc4-4a31-ae84-7fa8163d8aad
  Type: image/png
  Size: 657x531
  Base64 length: 425740
Found target section: Multiple Datalink Capabilities
Number of subsections: 0

Creating document...

Processing section: Multiple Datalink Capabilities
Processing 1 images...
Original size: 657x531
Scaled size: 427.0499737532808x345.14992125984253

Saving document...
Document created successfully at: C:\Users\E21148888\AppData\Local\Temp\temp_section_6.docx

Starting section extraction with detailed logging...

Reading JSON from: C:\programs\AIML\TechManualAutomation\dev\DocumentProcessor\src\DocumentProcessor.UI\bin\Debug\net8.0-windows\output\40218-499 APS Plus OMM 35-IPR.json
JSON content length: 25,625,588 characters
Successfully deserialized 6 top-level sections

Starting section search:
Path to find: GENERAL INFORMATION > System Description > Mission Threads

Searching for: 'GENERAL INFORMATION'
Available sections at this level:
- ''
- 'GENERAL INFORMATION'
  Subsections:
  - 'Overview'
  - 'System Description'
- ''
- 'OPERATOR INSTRUCTIONS'
  Subsections:
  - 'MCI Operator Instructions'
  - 'SCWS Operator Instructions'
  - 'CSP Operator Instructions'
- 'MAINTENANCE INSTRUCTIONS'
  Subsections:
  - 'Software Maintenance'
  - 'Operational Checkout'
  - 'Troubleshooting'
- 'SUPPORTING INFORMATION'
  Subsections:
  - 'Reference Data'
Found section: 'GENERAL INFORMATION'
Level: 1
Content length: 0 characters
Tables: 0
Images: 0
Subsections: 2

Searching for: 'System Description'
Available sections at this level:
- 'Overview'
  Subsections:
  - 'Scope'
  - 'Abbreviations and Acronyms'
  - 'Referenced Documents'
- 'System Description'
  Subsections:
  - 'Operating Sites'
  - 'Ground Datalink Configurations'
  - 'Multiple Datalink Capabilities'
  - 'Mission Threads'
  - 'APS+ Description'
  - 'APS+ Concept of Operations'
Found section: 'System Description'
Level: 2
Content length: 1361 characters
Tables: 0
Images: 0
Subsections: 6

Searching for: 'Mission Threads'
Available sections at this level:
- 'Operating Sites'
- 'Ground Datalink Configurations'
  Subsections:
  - 'Direct LOS Configuration'
  - 'Reach Configuration'
  - 'BLOS Configuration'
- 'Multiple Datalink Capabilities'
- 'Mission Threads'
  Subsections:
  - 'ASARS-2A Data from Reach Site to Core Site'
  - 'ASARS-2A Data from RGS to Core Site'
- 'APS+ Description'
  Subsections:
  - 'APS+ Software Environment'
  - 'APS+ Interfaces'
  - 'Mission Control Interface (MCI)'
  - 'Sensor Control Workstation (SCWS)'
  - 'Common Sensor Planner (CSP)'
- 'APS+ Concept of Operations'
  Subsections:
  - 'Pre-Mission Operation'
  - 'Live Mission Operation'
  - 'Off-Tether Operation'
Found section: 'Mission Threads'
Level: 3
Content length: 265 characters
Tables: 0
Images: 0
Subsections: 2
Found target section: Mission Threads
Number of subsections: 2

Creating document...

Processing section: Mission Threads

Processing section: ASARS-2A Data from Reach Site to Core Site
Processing 1 images...
Original size: 967x734
Scaled size: 628.5499212598426x477.0999475065617

Processing section: ASARS-2A Data from RGS to Core Site
Processing 1 images...
Original size: 955x739
Scaled size: 620.7499212598425x480.3499212598425

Saving document...
Document created successfully at: C:\Users\E21148888\AppData\Local\Temp\temp_section_7.docx

Starting section extraction with detailed logging...

Reading JSON from: C:\programs\AIML\TechManualAutomation\dev\DocumentProcessor\src\DocumentProcessor.UI\bin\Debug\net8.0-windows\output\40218-499 APS Plus OMM 35-IPR.json
JSON content length: 25,625,588 characters
Successfully deserialized 6 top-level sections

Starting section search:
Path to find: GENERAL INFORMATION > System Description > Mission Threads > ASARS-2A Data from Reach Site to Core Site

Searching for: 'GENERAL INFORMATION'
Available sections at this level:
- ''
- 'GENERAL INFORMATION'
  Subsections:
  - 'Overview'
  - 'System Description'
- ''
- 'OPERATOR INSTRUCTIONS'
  Subsections:
  - 'MCI Operator Instructions'
  - 'SCWS Operator Instructions'
  - 'CSP Operator Instructions'
- 'MAINTENANCE INSTRUCTIONS'
  Subsections:
  - 'Software Maintenance'
  - 'Operational Checkout'
  - 'Troubleshooting'
- 'SUPPORTING INFORMATION'
  Subsections:
  - 'Reference Data'
Found section: 'GENERAL INFORMATION'
Level: 1
Content length: 0 characters
Tables: 0
Images: 0
Subsections: 2

Searching for: 'System Description'
Available sections at this level:
- 'Overview'
  Subsections:
  - 'Scope'
  - 'Abbreviations and Acronyms'
  - 'Referenced Documents'
- 'System Description'
  Subsections:
  - 'Operating Sites'
  - 'Ground Datalink Configurations'
  - 'Multiple Datalink Capabilities'
  - 'Mission Threads'
  - 'APS+ Description'
  - 'APS+ Concept of Operations'
Found section: 'System Description'
Level: 2
Content length: 1361 characters
Tables: 0
Images: 0
Subsections: 6

Searching for: 'Mission Threads'
Available sections at this level:
- 'Operating Sites'
- 'Ground Datalink Configurations'
  Subsections:
  - 'Direct LOS Configuration'
  - 'Reach Configuration'
  - 'BLOS Configuration'
- 'Multiple Datalink Capabilities'
- 'Mission Threads'
  Subsections:
  - 'ASARS-2A Data from Reach Site to Core Site'
  - 'ASARS-2A Data from RGS to Core Site'
- 'APS+ Description'
  Subsections:
  - 'APS+ Software Environment'
  - 'APS+ Interfaces'
  - 'Mission Control Interface (MCI)'
  - 'Sensor Control Workstation (SCWS)'
  - 'Common Sensor Planner (CSP)'
- 'APS+ Concept of Operations'
  Subsections:
  - 'Pre-Mission Operation'
  - 'Live Mission Operation'
  - 'Off-Tether Operation'
Found section: 'Mission Threads'
Level: 3
Content length: 265 characters
Tables: 0
Images: 0
Subsections: 2

Searching for: 'ASARS-2A Data from Reach Site to Core Site'
Available sections at this level:
- 'ASARS-2A Data from Reach Site to Core Site'
- 'ASARS-2A Data from RGS to Core Site'
Found section: 'ASARS-2A Data from Reach Site to Core Site'
Level: 4
Content length: 478 characters
Tables: 0
Images: 1
Subsections: 0

Image details:
- Image ID: 40aab337-6345-4d51-a760-ea9834e4725d
  Type: image/jpeg
  Size: 967x734
  Base64 length: 233600
Found target section: ASARS-2A Data from Reach Site to Core Site
Number of subsections: 0

Creating document...

Processing section: ASARS-2A Data from Reach Site to Core Site
Processing 1 images...
Original size: 967x734
Scaled size: 628.5499212598426x477.0999475065617

Saving document...
Document created successfully at: C:\Users\E21148888\AppData\Local\Temp\temp_section_8.docx

Starting section extraction with detailed logging...

Reading JSON from: C:\programs\AIML\TechManualAutomation\dev\DocumentProcessor\src\DocumentProcessor.UI\bin\Debug\net8.0-windows\output\40218-499 APS Plus OMM 35-IPR.json
JSON content length: 25,625,588 characters
Successfully deserialized 6 top-level sections

Starting section search:
Path to find: GENERAL INFORMATION > System Description > Mission Threads > ASARS-2A Data from RGS to Core Site

Searching for: 'GENERAL INFORMATION'
Available sections at this level:
- ''
- 'GENERAL INFORMATION'
  Subsections:
  - 'Overview'
  - 'System Description'
- ''
- 'OPERATOR INSTRUCTIONS'
  Subsections:
  - 'MCI Operator Instructions'
  - 'SCWS Operator Instructions'
  - 'CSP Operator Instructions'
- 'MAINTENANCE INSTRUCTIONS'
  Subsections:
  - 'Software Maintenance'
  - 'Operational Checkout'
  - 'Troubleshooting'
- 'SUPPORTING INFORMATION'
  Subsections:
  - 'Reference Data'
Found section: 'GENERAL INFORMATION'
Level: 1
Content length: 0 characters
Tables: 0
Images: 0
Subsections: 2

Searching for: 'System Description'
Available sections at this level:
- 'Overview'
  Subsections:
  - 'Scope'
  - 'Abbreviations and Acronyms'
  - 'Referenced Documents'
- 'System Description'
  Subsections:
  - 'Operating Sites'
  - 'Ground Datalink Configurations'
  - 'Multiple Datalink Capabilities'
  - 'Mission Threads'
  - 'APS+ Description'
  - 'APS+ Concept of Operations'
Found section: 'System Description'
Level: 2
Content length: 1361 characters
Tables: 0
Images: 0
Subsections: 6

Searching for: 'Mission Threads'
Available sections at this level:
- 'Operating Sites'
- 'Ground Datalink Configurations'
  Subsections:
  - 'Direct LOS Configuration'
  - 'Reach Configuration'
  - 'BLOS Configuration'
- 'Multiple Datalink Capabilities'
- 'Mission Threads'
  Subsections:
  - 'ASARS-2A Data from Reach Site to Core Site'
  - 'ASARS-2A Data from RGS to Core Site'
- 'APS+ Description'
  Subsections:
  - 'APS+ Software Environment'
  - 'APS+ Interfaces'
  - 'Mission Control Interface (MCI)'
  - 'Sensor Control Workstation (SCWS)'
  - 'Common Sensor Planner (CSP)'
- 'APS+ Concept of Operations'
  Subsections:
  - 'Pre-Mission Operation'
  - 'Live Mission Operation'
  - 'Off-Tether Operation'
Found section: 'Mission Threads'
Level: 3
Content length: 265 characters
Tables: 0
Images: 0
Subsections: 2

Searching for: 'ASARS-2A Data from RGS to Core Site'
Available sections at this level:
- 'ASARS-2A Data from Reach Site to Core Site'
- 'ASARS-2A Data from RGS to Core Site'
Found section: 'ASARS-2A Data from RGS to Core Site'
Level: 4
Content length: 299 characters
Tables: 0
Images: 1
Subsections: 0

Image details:
- Image ID: 511c47be-5eb9-42b0-a761-fac85bbeb8be
  Type: image/jpeg
  Size: 955x739
  Base64 length: 188896
Found target section: ASARS-2A Data from RGS to Core Site
Number of subsections: 0

Creating document...

Processing section: ASARS-2A Data from RGS to Core Site
Processing 1 images...
Original size: 955x739
Scaled size: 620.7499212598425x480.3499212598425

Saving document...
Document created successfully at: C:\Users\E21148888\AppData\Local\Temp\temp_section_9.docx

Starting section extraction with detailed logging...

Reading JSON from: C:\programs\AIML\TechManualAutomation\dev\DocumentProcessor\src\DocumentProcessor.UI\bin\Debug\net8.0-windows\output\40218-499 APS Plus OMM 35-IPR.json
JSON content length: 25,625,588 characters
Successfully deserialized 6 top-level sections

Starting section search:
Path to find: GENERAL INFORMATION > System Description > APS+ Description

Searching for: 'GENERAL INFORMATION'
Available sections at this level:
- ''
- 'GENERAL INFORMATION'
  Subsections:
  - 'Overview'
  - 'System Description'
- ''
- 'OPERATOR INSTRUCTIONS'
  Subsections:
  - 'MCI Operator Instructions'
  - 'SCWS Operator Instructions'
  - 'CSP Operator Instructions'
- 'MAINTENANCE INSTRUCTIONS'
  Subsections:
  - 'Software Maintenance'
  - 'Operational Checkout'
  - 'Troubleshooting'
- 'SUPPORTING INFORMATION'
  Subsections:
  - 'Reference Data'
Found section: 'GENERAL INFORMATION'
Level: 1
Content length: 0 characters
Tables: 0
Images: 0
Subsections: 2

Searching for: 'System Description'
Available sections at this level:
- 'Overview'
  Subsections:
  - 'Scope'
  - 'Abbreviations and Acronyms'
  - 'Referenced Documents'
- 'System Description'
  Subsections:
  - 'Operating Sites'
  - 'Ground Datalink Configurations'
  - 'Multiple Datalink Capabilities'
  - 'Mission Threads'
  - 'APS+ Description'
  - 'APS+ Concept of Operations'
Found section: 'System Description'
Level: 2
Content length: 1361 characters
Tables: 0
Images: 0
Subsections: 6

Searching for: 'APS+ Description'
Available sections at this level:
- 'Operating Sites'
- 'Ground Datalink Configurations'
  Subsections:
  - 'Direct LOS Configuration'
  - 'Reach Configuration'
  - 'BLOS Configuration'
- 'Multiple Datalink Capabilities'
- 'Mission Threads'
  Subsections:
  - 'ASARS-2A Data from Reach Site to Core Site'
  - 'ASARS-2A Data from RGS to Core Site'
- 'APS+ Description'
  Subsections:
  - 'APS+ Software Environment'
  - 'APS+ Interfaces'
  - 'Mission Control Interface (MCI)'
  - 'Sensor Control Workstation (SCWS)'
  - 'Common Sensor Planner (CSP)'
- 'APS+ Concept of Operations'
  Subsections:
  - 'Pre-Mission Operation'
  - 'Live Mission Operation'
  - 'Off-Tether Operation'
Found section: 'APS+ Description'
Level: 3
Content length: 424 characters
Tables: 0
Images: 0
Subsections: 5
Found target section: APS+ Description
Number of subsections: 5

Creating document...

Processing section: APS+ Description

Processing section: APS+ Software Environment

Processing section: APS+ Interfaces
Processing 1 images...
Original size: 997x734
Scaled size: 648.0499737532808x477.0999475065617

Processing section: Mission Control Interface (MCI)

Processing section: Sensor Control Workstation (SCWS)

Processing section: Common Sensor Planner (CSP)

Saving document...
Document created successfully at: C:\Users\E21148888\AppData\Local\Temp\temp_section_10.docx

Starting section extraction with detailed logging...

Reading JSON from: C:\programs\AIML\TechManualAutomation\dev\DocumentProcessor\src\DocumentProcessor.UI\bin\Debug\net8.0-windows\output\40218-499 APS Plus OMM 35-IPR.json
JSON content length: 25,625,588 characters
Successfully deserialized 6 top-level sections

Starting section search:
Path to find: GENERAL INFORMATION > System Description > APS+ Description > APS+ Software Environment

Searching for: 'GENERAL INFORMATION'
Available sections at this level:
- ''
- 'GENERAL INFORMATION'
  Subsections:
  - 'Overview'
  - 'System Description'
- ''
- 'OPERATOR INSTRUCTIONS'
  Subsections:
  - 'MCI Operator Instructions'
  - 'SCWS Operator Instructions'
  - 'CSP Operator Instructions'
- 'MAINTENANCE INSTRUCTIONS'
  Subsections:
  - 'Software Maintenance'
  - 'Operational Checkout'
  - 'Troubleshooting'
- 'SUPPORTING INFORMATION'
  Subsections:
  - 'Reference Data'
Found section: 'GENERAL INFORMATION'
Level: 1
Content length: 0 characters
Tables: 0
Images: 0
Subsections: 2

Searching for: 'System Description'
Available sections at this level:
- 'Overview'
  Subsections:
  - 'Scope'
  - 'Abbreviations and Acronyms'
  - 'Referenced Documents'
- 'System Description'
  Subsections:
  - 'Operating Sites'
  - 'Ground Datalink Configurations'
  - 'Multiple Datalink Capabilities'
  - 'Mission Threads'
  - 'APS+ Description'
  - 'APS+ Concept of Operations'
Found section: 'System Description'
Level: 2
Content length: 1361 characters
Tables: 0
Images: 0
Subsections: 6

Searching for: 'APS+ Description'
Available sections at this level:
- 'Operating Sites'
- 'Ground Datalink Configurations'
  Subsections:
  - 'Direct LOS Configuration'
  - 'Reach Configuration'
  - 'BLOS Configuration'
- 'Multiple Datalink Capabilities'
- 'Mission Threads'
  Subsections:
  - 'ASARS-2A Data from Reach Site to Core Site'
  - 'ASARS-2A Data from RGS to Core Site'
- 'APS+ Description'
  Subsections:
  - 'APS+ Software Environment'
  - 'APS+ Interfaces'
  - 'Mission Control Interface (MCI)'
  - 'Sensor Control Workstation (SCWS)'
  - 'Common Sensor Planner (CSP)'
- 'APS+ Concept of Operations'
  Subsections:
  - 'Pre-Mission Operation'
  - 'Live Mission Operation'
  - 'Off-Tether Operation'
Found section: 'APS+ Description'
Level: 3
Content length: 424 characters
Tables: 0
Images: 0
Subsections: 5

Searching for: 'APS+ Software Environment'
Available sections at this level:
- 'APS+ Software Environment'
- 'APS+ Interfaces'
- 'Mission Control Interface (MCI)'
- 'Sensor Control Workstation (SCWS)'
- 'Common Sensor Planner (CSP)'
Found section: 'APS+ Software Environment'
Level: 4
Content length: 941 characters
Tables: 0
Images: 0
Subsections: 0
Found target section: APS+ Software Environment
Number of subsections: 0

Creating document...

Processing section: APS+ Software Environment

Saving document...
Document created successfully at: C:\Users\E21148888\AppData\Local\Temp\temp_section_11.docx

Starting section extraction with detailed logging...

Reading JSON from: C:\programs\AIML\TechManualAutomation\dev\DocumentProcessor\src\DocumentProcessor.UI\bin\Debug\net8.0-windows\output\40218-499 APS Plus OMM 35-IPR.json
JSON content length: 25,625,588 characters
Successfully deserialized 6 top-level sections

Starting section search:
Path to find: GENERAL INFORMATION > System Description > APS+ Description > APS+ Interfaces

Searching for: 'GENERAL INFORMATION'
Available sections at this level:
- ''
- 'GENERAL INFORMATION'
  Subsections:
  - 'Overview'
  - 'System Description'
- ''
- 'OPERATOR INSTRUCTIONS'
  Subsections:
  - 'MCI Operator Instructions'
  - 'SCWS Operator Instructions'
  - 'CSP Operator Instructions'
- 'MAINTENANCE INSTRUCTIONS'
  Subsections:
  - 'Software Maintenance'
  - 'Operational Checkout'
  - 'Troubleshooting'
- 'SUPPORTING INFORMATION'
  Subsections:
  - 'Reference Data'
Found section: 'GENERAL INFORMATION'
Level: 1
Content length: 0 characters
Tables: 0
Images: 0
Subsections: 2

Searching for: 'System Description'
Available sections at this level:
- 'Overview'
  Subsections:
  - 'Scope'
  - 'Abbreviations and Acronyms'
  - 'Referenced Documents'
- 'System Description'
  Subsections:
  - 'Operating Sites'
  - 'Ground Datalink Configurations'
  - 'Multiple Datalink Capabilities'
  - 'Mission Threads'
  - 'APS+ Description'
  - 'APS+ Concept of Operations'
Found section: 'System Description'
Level: 2
Content length: 1361 characters
Tables: 0
Images: 0
Subsections: 6

Searching for: 'APS+ Description'
Available sections at this level:
- 'Operating Sites'
- 'Ground Datalink Configurations'
  Subsections:
  - 'Direct LOS Configuration'
  - 'Reach Configuration'
  - 'BLOS Configuration'
- 'Multiple Datalink Capabilities'
- 'Mission Threads'
  Subsections:
  - 'ASARS-2A Data from Reach Site to Core Site'
  - 'ASARS-2A Data from RGS to Core Site'
- 'APS+ Description'
  Subsections:
  - 'APS+ Software Environment'
  - 'APS+ Interfaces'
  - 'Mission Control Interface (MCI)'
  - 'Sensor Control Workstation (SCWS)'
  - 'Common Sensor Planner (CSP)'
- 'APS+ Concept of Operations'
  Subsections:
  - 'Pre-Mission Operation'
  - 'Live Mission Operation'
  - 'Off-Tether Operation'
Found section: 'APS+ Description'
Level: 3
Content length: 424 characters
Tables: 0
Images: 0
Subsections: 5

Searching for: 'APS+ Interfaces'
Available sections at this level:
- 'APS+ Software Environment'
- 'APS+ Interfaces'
- 'Mission Control Interface (MCI)'
- 'Sensor Control Workstation (SCWS)'
- 'Common Sensor Planner (CSP)'
Found section: 'APS+ Interfaces'
Level: 4
Content length: 422 characters
Tables: 0
Images: 1
Subsections: 0

Image details:
- Image ID: 6de897fd-c4a2-46b2-8fe8-fb5869e05d60
  Type: image/jpeg
  Size: 997x734
  Base64 length: 281400
Found target section: APS+ Interfaces
Number of subsections: 0

Creating document...

Processing section: APS+ Interfaces
Processing 1 images...
Original size: 997x734
Scaled size: 648.0499737532808x477.0999475065617

Saving document...
Document created successfully at: C:\Users\E21148888\AppData\Local\Temp\temp_section_12.docx

Starting section extraction with detailed logging...

Reading JSON from: C:\programs\AIML\TechManualAutomation\dev\DocumentProcessor\src\DocumentProcessor.UI\bin\Debug\net8.0-windows\output\40218-499 APS Plus OMM 35-IPR.json
JSON content length: 25,625,588 characters
Successfully deserialized 6 top-level sections

Starting section search:
Path to find: GENERAL INFORMATION > System Description > APS+ Description > Mission Control Interface (MCI)

Searching for: 'GENERAL INFORMATION'
Available sections at this level:
- ''
- 'GENERAL INFORMATION'
  Subsections:
  - 'Overview'
  - 'System Description'
- ''
- 'OPERATOR INSTRUCTIONS'
  Subsections:
  - 'MCI Operator Instructions'
  - 'SCWS Operator Instructions'
  - 'CSP Operator Instructions'
- 'MAINTENANCE INSTRUCTIONS'
  Subsections:
  - 'Software Maintenance'
  - 'Operational Checkout'
  - 'Troubleshooting'
- 'SUPPORTING INFORMATION'
  Subsections:
  - 'Reference Data'
Found section: 'GENERAL INFORMATION'
Level: 1
Content length: 0 characters
Tables: 0
Images: 0
Subsections: 2

Searching for: 'System Description'
Available sections at this level:
- 'Overview'
  Subsections:
  - 'Scope'
  - 'Abbreviations and Acronyms'
  - 'Referenced Documents'
- 'System Description'
  Subsections:
  - 'Operating Sites'
  - 'Ground Datalink Configurations'
  - 'Multiple Datalink Capabilities'
  - 'Mission Threads'
  - 'APS+ Description'
  - 'APS+ Concept of Operations'
Found section: 'System Description'
Level: 2
Content length: 1361 characters
Tables: 0
Images: 0
Subsections: 6

Searching for: 'APS+ Description'
Available sections at this level:
- 'Operating Sites'
- 'Ground Datalink Configurations'
  Subsections:
  - 'Direct LOS Configuration'
  - 'Reach Configuration'
  - 'BLOS Configuration'
- 'Multiple Datalink Capabilities'
- 'Mission Threads'
  Subsections:
  - 'ASARS-2A Data from Reach Site to Core Site'
  - 'ASARS-2A Data from RGS to Core Site'
- 'APS+ Description'
  Subsections:
  - 'APS+ Software Environment'
  - 'APS+ Interfaces'
  - 'Mission Control Interface (MCI)'
  - 'Sensor Control Workstation (SCWS)'
  - 'Common Sensor Planner (CSP)'
- 'APS+ Concept of Operations'
  Subsections:
  - 'Pre-Mission Operation'
  - 'Live Mission Operation'
  - 'Off-Tether Operation'
Found section: 'APS+ Description'
Level: 3
Content length: 424 characters
Tables: 0
Images: 0
Subsections: 5

Searching for: 'Mission Control Interface (MCI)'
Available sections at this level:
- 'APS+ Software Environment'
- 'APS+ Interfaces'
- 'Mission Control Interface (MCI)'
- 'Sensor Control Workstation (SCWS)'
- 'Common Sensor Planner (CSP)'
Found section: 'Mission Control Interface (MCI)'
Level: 4
Content length: 361 characters
Tables: 0
Images: 0
Subsections: 0
Found target section: Mission Control Interface (MCI)
Number of subsections: 0

Creating document...

Processing section: Mission Control Interface (MCI)

Saving document...
Document created successfully at: C:\Users\E21148888\AppData\Local\Temp\temp_section_13.docx

Starting section extraction with detailed logging...

Reading JSON from: C:\programs\AIML\TechManualAutomation\dev\DocumentProcessor\src\DocumentProcessor.UI\bin\Debug\net8.0-windows\output\40218-499 APS Plus OMM 35-IPR.json
JSON content length: 25,625,588 characters
Successfully deserialized 6 top-level sections

Starting section search:
Path to find: GENERAL INFORMATION > System Description > APS+ Description > Sensor Control Workstation (SCWS)

Searching for: 'GENERAL INFORMATION'
Available sections at this level:
- ''
- 'GENERAL INFORMATION'
  Subsections:
  - 'Overview'
  - 'System Description'
- ''
- 'OPERATOR INSTRUCTIONS'
  Subsections:
  - 'MCI Operator Instructions'
  - 'SCWS Operator Instructions'
  - 'CSP Operator Instructions'
- 'MAINTENANCE INSTRUCTIONS'
  Subsections:
  - 'Software Maintenance'
  - 'Operational Checkout'
  - 'Troubleshooting'
- 'SUPPORTING INFORMATION'
  Subsections:
  - 'Reference Data'
Found section: 'GENERAL INFORMATION'
Level: 1
Content length: 0 characters
Tables: 0
Images: 0
Subsections: 2

Searching for: 'System Description'
Available sections at this level:
- 'Overview'
  Subsections:
  - 'Scope'
  - 'Abbreviations and Acronyms'
  - 'Referenced Documents'
- 'System Description'
  Subsections:
  - 'Operating Sites'
  - 'Ground Datalink Configurations'
  - 'Multiple Datalink Capabilities'
  - 'Mission Threads'
  - 'APS+ Description'
  - 'APS+ Concept of Operations'
Found section: 'System Description'
Level: 2
Content length: 1361 characters
Tables: 0
Images: 0
Subsections: 6

Searching for: 'APS+ Description'
Available sections at this level:
- 'Operating Sites'
- 'Ground Datalink Configurations'
  Subsections:
  - 'Direct LOS Configuration'
  - 'Reach Configuration'
  - 'BLOS Configuration'
- 'Multiple Datalink Capabilities'
- 'Mission Threads'
  Subsections:
  - 'ASARS-2A Data from Reach Site to Core Site'
  - 'ASARS-2A Data from RGS to Core Site'
- 'APS+ Description'
  Subsections:
  - 'APS+ Software Environment'
  - 'APS+ Interfaces'
  - 'Mission Control Interface (MCI)'
  - 'Sensor Control Workstation (SCWS)'
  - 'Common Sensor Planner (CSP)'
- 'APS+ Concept of Operations'
  Subsections:
  - 'Pre-Mission Operation'
  - 'Live Mission Operation'
  - 'Off-Tether Operation'
Found section: 'APS+ Description'
Level: 3
Content length: 424 characters
Tables: 0
Images: 0
Subsections: 5

Searching for: 'Sensor Control Workstation (SCWS)'
Available sections at this level:
- 'APS+ Software Environment'
- 'APS+ Interfaces'
- 'Mission Control Interface (MCI)'
- 'Sensor Control Workstation (SCWS)'
- 'Common Sensor Planner (CSP)'
Found section: 'Sensor Control Workstation (SCWS)'
Level: 4
Content length: 454 characters
Tables: 0
Images: 0
Subsections: 0
Found target section: Sensor Control Workstation (SCWS)
Number of subsections: 0

Creating document...

Processing section: Sensor Control Workstation (SCWS)

Saving document...
Document created successfully at: C:\Users\E21148888\AppData\Local\Temp\temp_section_14.docx

Starting section extraction with detailed logging...

Reading JSON from: C:\programs\AIML\TechManualAutomation\dev\DocumentProcessor\src\DocumentProcessor.UI\bin\Debug\net8.0-windows\output\40218-499 APS Plus OMM 35-IPR.json
JSON content length: 25,625,588 characters
Successfully deserialized 6 top-level sections

Starting section search:
Path to find: GENERAL INFORMATION > System Description > APS+ Description > Common Sensor Planner (CSP)

Searching for: 'GENERAL INFORMATION'
Available sections at this level:
- ''
- 'GENERAL INFORMATION'
  Subsections:
  - 'Overview'
  - 'System Description'
- ''
- 'OPERATOR INSTRUCTIONS'
  Subsections:
  - 'MCI Operator Instructions'
  - 'SCWS Operator Instructions'
  - 'CSP Operator Instructions'
- 'MAINTENANCE INSTRUCTIONS'
  Subsections:
  - 'Software Maintenance'
  - 'Operational Checkout'
  - 'Troubleshooting'
- 'SUPPORTING INFORMATION'
  Subsections:
  - 'Reference Data'
Found section: 'GENERAL INFORMATION'
Level: 1
Content length: 0 characters
Tables: 0
Images: 0
Subsections: 2

Searching for: 'System Description'
Available sections at this level:
- 'Overview'
  Subsections:
  - 'Scope'
  - 'Abbreviations and Acronyms'
  - 'Referenced Documents'
- 'System Description'
  Subsections:
  - 'Operating Sites'
  - 'Ground Datalink Configurations'
  - 'Multiple Datalink Capabilities'
  - 'Mission Threads'
  - 'APS+ Description'
  - 'APS+ Concept of Operations'
Found section: 'System Description'
Level: 2
Content length: 1361 characters
Tables: 0
Images: 0
Subsections: 6

Searching for: 'APS+ Description'
Available sections at this level:
- 'Operating Sites'
- 'Ground Datalink Configurations'
  Subsections:
  - 'Direct LOS Configuration'
  - 'Reach Configuration'
  - 'BLOS Configuration'
- 'Multiple Datalink Capabilities'
- 'Mission Threads'
  Subsections:
  - 'ASARS-2A Data from Reach Site to Core Site'
  - 'ASARS-2A Data from RGS to Core Site'
- 'APS+ Description'
  Subsections:
  - 'APS+ Software Environment'
  - 'APS+ Interfaces'
  - 'Mission Control Interface (MCI)'
  - 'Sensor Control Workstation (SCWS)'
  - 'Common Sensor Planner (CSP)'
- 'APS+ Concept of Operations'
  Subsections:
  - 'Pre-Mission Operation'
  - 'Live Mission Operation'
  - 'Off-Tether Operation'
Found section: 'APS+ Description'
Level: 3
Content length: 424 characters
Tables: 0
Images: 0
Subsections: 5

Searching for: 'Common Sensor Planner (CSP)'
Available sections at this level:
- 'APS+ Software Environment'
- 'APS+ Interfaces'
- 'Mission Control Interface (MCI)'
- 'Sensor Control Workstation (SCWS)'
- 'Common Sensor Planner (CSP)'
Found section: 'Common Sensor Planner (CSP)'
Level: 4
Content length: 1001 characters
Tables: 0
Images: 0
Subsections: 0
Found target section: Common Sensor Planner (CSP)
Number of subsections: 0

Creating document...

Processing section: Common Sensor Planner (CSP)

Saving document...
Document created successfully at: C:\Users\E21148888\AppData\Local\Temp\temp_section_15.docx

Starting section extraction with detailed logging...

Reading JSON from: C:\programs\AIML\TechManualAutomation\dev\DocumentProcessor\src\DocumentProcessor.UI\bin\Debug\net8.0-windows\output\40218-499 APS Plus OMM 35-IPR.json
JSON content length: 25,625,588 characters
Successfully deserialized 6 top-level sections

Starting section search:
Path to find: GENERAL INFORMATION > System Description > APS+ Concept of Operations

Searching for: 'GENERAL INFORMATION'
Available sections at this level:
- ''
- 'GENERAL INFORMATION'
  Subsections:
  - 'Overview'
  - 'System Description'
- ''
- 'OPERATOR INSTRUCTIONS'
  Subsections:
  - 'MCI Operator Instructions'
  - 'SCWS Operator Instructions'
  - 'CSP Operator Instructions'
- 'MAINTENANCE INSTRUCTIONS'
  Subsections:
  - 'Software Maintenance'
  - 'Operational Checkout'
  - 'Troubleshooting'
- 'SUPPORTING INFORMATION'
  Subsections:
  - 'Reference Data'
Found section: 'GENERAL INFORMATION'
Level: 1
Content length: 0 characters
Tables: 0
Images: 0
Subsections: 2

Searching for: 'System Description'
Available sections at this level:
- 'Overview'
  Subsections:
  - 'Scope'
  - 'Abbreviations and Acronyms'
  - 'Referenced Documents'
- 'System Description'
  Subsections:
  - 'Operating Sites'
  - 'Ground Datalink Configurations'
  - 'Multiple Datalink Capabilities'
  - 'Mission Threads'
  - 'APS+ Description'
  - 'APS+ Concept of Operations'
Found section: 'System Description'
Level: 2
Content length: 1361 characters
Tables: 0
Images: 0
Subsections: 6

Searching for: 'APS+ Concept of Operations'
Available sections at this level:
- 'Operating Sites'
- 'Ground Datalink Configurations'
  Subsections:
  - 'Direct LOS Configuration'
  - 'Reach Configuration'
  - 'BLOS Configuration'
- 'Multiple Datalink Capabilities'
- 'Mission Threads'
  Subsections:
  - 'ASARS-2A Data from Reach Site to Core Site'
  - 'ASARS-2A Data from RGS to Core Site'
- 'APS+ Description'
  Subsections:
  - 'APS+ Software Environment'
  - 'APS+ Interfaces'
  - 'Mission Control Interface (MCI)'
  - 'Sensor Control Workstation (SCWS)'
  - 'Common Sensor Planner (CSP)'
- 'APS+ Concept of Operations'
  Subsections:
  - 'Pre-Mission Operation'
  - 'Live Mission Operation'
  - 'Off-Tether Operation'
Found section: 'APS+ Concept of Operations'
Level: 3
Content length: 35 characters
Tables: 0
Images: 0
Subsections: 3
Found target section: APS+ Concept of Operations
Number of subsections: 3

Creating document...

Processing section: APS+ Concept of Operations

Processing section: Pre-Mission Operation

Processing section: Live Mission Operation

Processing section: Off-Tether Operation

Saving document...
Document created successfully at: C:\Users\E21148888\AppData\Local\Temp\temp_section_16.docx

Starting section extraction with detailed logging...

Reading JSON from: C:\programs\AIML\TechManualAutomation\dev\DocumentProcessor\src\DocumentProcessor.UI\bin\Debug\net8.0-windows\output\40218-499 APS Plus OMM 35-IPR.json
JSON content length: 25,625,588 characters
Successfully deserialized 6 top-level sections

Starting section search:
Path to find: GENERAL INFORMATION > System Description > APS+ Concept of Operations > Pre-Mission Operation

Searching for: 'GENERAL INFORMATION'
Available sections at this level:
- ''
- 'GENERAL INFORMATION'
  Subsections:
  - 'Overview'
  - 'System Description'
- ''
- 'OPERATOR INSTRUCTIONS'
  Subsections:
  - 'MCI Operator Instructions'
  - 'SCWS Operator Instructions'
  - 'CSP Operator Instructions'
- 'MAINTENANCE INSTRUCTIONS'
  Subsections:
  - 'Software Maintenance'
  - 'Operational Checkout'
  - 'Troubleshooting'
- 'SUPPORTING INFORMATION'
  Subsections:
  - 'Reference Data'
Found section: 'GENERAL INFORMATION'
Level: 1
Content length: 0 characters
Tables: 0
Images: 0
Subsections: 2

Searching for: 'System Description'
Available sections at this level:
- 'Overview'
  Subsections:
  - 'Scope'
  - 'Abbreviations and Acronyms'
  - 'Referenced Documents'
- 'System Description'
  Subsections:
  - 'Operating Sites'
  - 'Ground Datalink Configurations'
  - 'Multiple Datalink Capabilities'
  - 'Mission Threads'
  - 'APS+ Description'
  - 'APS+ Concept of Operations'
Found section: 'System Description'
Level: 2
Content length: 1361 characters
Tables: 0
Images: 0
Subsections: 6

Searching for: 'APS+ Concept of Operations'
Available sections at this level:
- 'Operating Sites'
- 'Ground Datalink Configurations'
  Subsections:
  - 'Direct LOS Configuration'
  - 'Reach Configuration'
  - 'BLOS Configuration'
- 'Multiple Datalink Capabilities'
- 'Mission Threads'
  Subsections:
  - 'ASARS-2A Data from Reach Site to Core Site'
  - 'ASARS-2A Data from RGS to Core Site'
- 'APS+ Description'
  Subsections:
  - 'APS+ Software Environment'
  - 'APS+ Interfaces'
  - 'Mission Control Interface (MCI)'
  - 'Sensor Control Workstation (SCWS)'
  - 'Common Sensor Planner (CSP)'
- 'APS+ Concept of Operations'
  Subsections:
  - 'Pre-Mission Operation'
  - 'Live Mission Operation'
  - 'Off-Tether Operation'
Found section: 'APS+ Concept of Operations'
Level: 3
Content length: 35 characters
Tables: 0
Images: 0
Subsections: 3

Searching for: 'Pre-Mission Operation'
Available sections at this level:
- 'Pre-Mission Operation'
- 'Live Mission Operation'
- 'Off-Tether Operation'
Found section: 'Pre-Mission Operation'
Level: 4
Content length: 15 characters
Tables: 0
Images: 0
Subsections: 0
Found target section: Pre-Mission Operation
Number of subsections: 0

Creating document...

Processing section: Pre-Mission Operation

Saving document...
Document created successfully at: C:\Users\E21148888\AppData\Local\Temp\temp_section_17.docx

Starting section extraction with detailed logging...

Reading JSON from: C:\programs\AIML\TechManualAutomation\dev\DocumentProcessor\src\DocumentProcessor.UI\bin\Debug\net8.0-windows\output\40218-499 APS Plus OMM 35-IPR.json
JSON content length: 25,625,588 characters
Successfully deserialized 6 top-level sections

Starting section search:
Path to find: GENERAL INFORMATION > System Description > APS+ Concept of Operations > Live Mission Operation

Searching for: 'GENERAL INFORMATION'
Available sections at this level:
- ''
- 'GENERAL INFORMATION'
  Subsections:
  - 'Overview'
  - 'System Description'
- ''
- 'OPERATOR INSTRUCTIONS'
  Subsections:
  - 'MCI Operator Instructions'
  - 'SCWS Operator Instructions'
  - 'CSP Operator Instructions'
- 'MAINTENANCE INSTRUCTIONS'
  Subsections:
  - 'Software Maintenance'
  - 'Operational Checkout'
  - 'Troubleshooting'
- 'SUPPORTING INFORMATION'
  Subsections:
  - 'Reference Data'
Found section: 'GENERAL INFORMATION'
Level: 1
Content length: 0 characters
Tables: 0
Images: 0
Subsections: 2

Searching for: 'System Description'
Available sections at this level:
- 'Overview'
  Subsections:
  - 'Scope'
  - 'Abbreviations and Acronyms'
  - 'Referenced Documents'
- 'System Description'
  Subsections:
  - 'Operating Sites'
  - 'Ground Datalink Configurations'
  - 'Multiple Datalink Capabilities'
  - 'Mission Threads'
  - 'APS+ Description'
  - 'APS+ Concept of Operations'
Found section: 'System Description'
Level: 2
Content length: 1361 characters
Tables: 0
Images: 0
Subsections: 6

Searching for: 'APS+ Concept of Operations'
Available sections at this level:
- 'Operating Sites'
- 'Ground Datalink Configurations'
  Subsections:
  - 'Direct LOS Configuration'
  - 'Reach Configuration'
  - 'BLOS Configuration'
- 'Multiple Datalink Capabilities'
- 'Mission Threads'
  Subsections:
  - 'ASARS-2A Data from Reach Site to Core Site'
  - 'ASARS-2A Data from RGS to Core Site'
- 'APS+ Description'
  Subsections:
  - 'APS+ Software Environment'
  - 'APS+ Interfaces'
  - 'Mission Control Interface (MCI)'
  - 'Sensor Control Workstation (SCWS)'
  - 'Common Sensor Planner (CSP)'
- 'APS+ Concept of Operations'
  Subsections:
  - 'Pre-Mission Operation'
  - 'Live Mission Operation'
  - 'Off-Tether Operation'
Found section: 'APS+ Concept of Operations'
Level: 3
Content length: 35 characters
Tables: 0
Images: 0
Subsections: 3

Searching for: 'Live Mission Operation'
Available sections at this level:
- 'Pre-Mission Operation'
- 'Live Mission Operation'
- 'Off-Tether Operation'
Found section: 'Live Mission Operation'
Level: 4
Content length: 15 characters
Tables: 0
Images: 0
Subsections: 0
Found target section: Live Mission Operation
Number of subsections: 0

Creating document...

Processing section: Live Mission Operation

Saving document...
Document created successfully at: C:\Users\E21148888\AppData\Local\Temp\temp_section_18.docx

Starting section extraction with detailed logging...

Reading JSON from: C:\programs\AIML\TechManualAutomation\dev\DocumentProcessor\src\DocumentProcessor.UI\bin\Debug\net8.0-windows\output\40218-499 APS Plus OMM 35-IPR.json
JSON content length: 25,625,588 characters
Successfully deserialized 6 top-level sections

Starting section search:
Path to find: GENERAL INFORMATION > System Description > APS+ Concept of Operations > Off-Tether Operation

Searching for: 'GENERAL INFORMATION'
Available sections at this level:
- ''
- 'GENERAL INFORMATION'
  Subsections:
  - 'Overview'
  - 'System Description'
- ''
- 'OPERATOR INSTRUCTIONS'
  Subsections:
  - 'MCI Operator Instructions'
  - 'SCWS Operator Instructions'
  - 'CSP Operator Instructions'
- 'MAINTENANCE INSTRUCTIONS'
  Subsections:
  - 'Software Maintenance'
  - 'Operational Checkout'
  - 'Troubleshooting'
- 'SUPPORTING INFORMATION'
  Subsections:
  - 'Reference Data'
Found section: 'GENERAL INFORMATION'
Level: 1
Content length: 0 characters
Tables: 0
Images: 0
Subsections: 2

Searching for: 'System Description'
Available sections at this level:
- 'Overview'
  Subsections:
  - 'Scope'
  - 'Abbreviations and Acronyms'
  - 'Referenced Documents'
- 'System Description'
  Subsections:
  - 'Operating Sites'
  - 'Ground Datalink Configurations'
  - 'Multiple Datalink Capabilities'
  - 'Mission Threads'
  - 'APS+ Description'
  - 'APS+ Concept of Operations'
Found section: 'System Description'
Level: 2
Content length: 1361 characters
Tables: 0
Images: 0
Subsections: 6

Searching for: 'APS+ Concept of Operations'
Available sections at this level:
- 'Operating Sites'
- 'Ground Datalink Configurations'
  Subsections:
  - 'Direct LOS Configuration'
  - 'Reach Configuration'
  - 'BLOS Configuration'
- 'Multiple Datalink Capabilities'
- 'Mission Threads'
  Subsections:
  - 'ASARS-2A Data from Reach Site to Core Site'
  - 'ASARS-2A Data from RGS to Core Site'
- 'APS+ Description'
  Subsections:
  - 'APS+ Software Environment'
  - 'APS+ Interfaces'
  - 'Mission Control Interface (MCI)'
  - 'Sensor Control Workstation (SCWS)'
  - 'Common Sensor Planner (CSP)'
- 'APS+ Concept of Operations'
  Subsections:
  - 'Pre-Mission Operation'
  - 'Live Mission Operation'
  - 'Off-Tether Operation'
Found section: 'APS+ Concept of Operations'
Level: 3
Content length: 35 characters
Tables: 0
Images: 0
Subsections: 3

Searching for: 'Off-Tether Operation'
Available sections at this level:
- 'Pre-Mission Operation'
- 'Live Mission Operation'
- 'Off-Tether Operation'
Found section: 'Off-Tether Operation'
Level: 4
Content length: 30 characters
Tables: 0
Images: 0
Subsections: 0
Found target section: Off-Tether Operation
Number of subsections: 0

Creating document...

Processing section: Off-Tether Operation

Saving document...
Document created successfully at: C:\Users\E21148888\AppData\Local\Temp\temp_section_19.docx

2025-03-07 08:35:29.234 - Extraction completed
2025-03-07 08:35:31.491 - Analyzing extracted document for images: C:\programs\AIML\TechManualAutomation\dev\DocumentProcessor\src\DocumentProcessor.UI\bin\Debug\net8.0-windows\output\40218-499 APS Plus OMM 35-IPR_extracted2.docx
2025-03-07 08:35:31.492 - Extracted document size: 2,259,920 bytes
