2026-05-08 09:46:41.959 - Logging initialized
2026-05-08 09:46:41.965 - Application started
2026-05-08 11:11:15.332 - Extract button clicked
2026-05-08 11:11:15.336 - Selected 7 section paths
2026-05-08 11:11:15.336 - Selected path 1: OPERATOR INSTRUCTIONS > SCWS Operator Instructions > SCWS Operation
2026-05-08 11:11:15.337 - Selected path 2: OPERATOR INSTRUCTIONS > SCWS Operator Instructions > SCWS Operation > View Imagery
2026-05-08 11:11:15.337 - Selected path 3: OPERATOR INSTRUCTIONS > SCWS Operator Instructions > SCWS Operation > View Imagery > Scale Image
2026-05-08 11:11:15.342 - Selected path 4: OPERATOR INSTRUCTIONS > SCWS Operator Instructions > SCWS Operation > Mission Definition
2026-05-08 11:11:15.343 - Selected path 5: OPERATOR INSTRUCTIONS > SCWS Operator Instructions > SCWS Operation > Uplink OBP Commands
2026-05-08 11:11:15.343 - Selected path 6: OPERATOR INSTRUCTIONS > SCWS Operator Instructions > SCWS Operation > Uplink MSU Commands
2026-05-08 11:11:15.343 - Selected path 7: OPERATOR INSTRUCTIONS > SCWS Operator Instructions > SCWS Operation > Immediate Scene Commands
2026-05-08 11:11:26.916 - Output file selected: C:\programs\AIML\archive 03092026\innovation\dev\DocumentProcessor\src\DocumentProcessor.UI\bin\Debug\net8.0-windows\output\40218-499 APS Plus OMM 35-IPR_extracted_v1.docx
2026-05-08 11:11:26.928 - JSON file path: C:\programs\AIML\archive 03092026\innovation\dev\DocumentProcessor\src\DocumentProcessor.UI\bin\Debug\net8.0-windows\output\40218-499 APS Plus OMM 35-IPR.json
2026-05-08 11:11:27.130 - JSON contains 6 top-level sections
2026-05-08 11:11:27.131 - Section 'Direct LOS Configuration' contains 1 images
2026-05-08 11:11:27.132 -   Image: ab6da9e2-750c-4c85-a45d-6c9e60041913, Type: image/png, Size: 880x711, Base64 length: 600272
2026-05-08 11:11:27.132 - Section 'Reach Configuration' contains 1 images
2026-05-08 11:11:27.133 -   Image: d3dea9ab-f749-4bd3-8c24-a89e93c31634, Type: image/png, Size: 879x707, Base64 length: 665800
2026-05-08 11:11:27.133 - Section 'BLOS Configuration' contains 1 images
2026-05-08 11:11:27.133 -   Image: 8a08b399-216d-41a1-be04-8e7cadd3f22e, Type: image/png, Size: 880x710, Base64 length: 705684
2026-05-08 11:11:27.133 - Section 'Multiple Datalink Capabilities' contains 1 images
2026-05-08 11:11:27.134 -   Image: fe51ae69-63d8-4b59-82d0-5e5a3086d6d2, Type: image/png, Size: 657x531, Base64 length: 425740
2026-05-08 11:11:27.134 - Section 'ASARS-2A Data from Reach Site to Core Site' contains 1 images
2026-05-08 11:11:27.134 -   Image: 1de19d69-2fb6-490b-b5cd-2525ac269c6f, Type: image/jpeg, Size: 967x734, Base64 length: 233600
2026-05-08 11:11:27.135 - Section 'ASARS-2A Data from RGS to Core Site' contains 1 images
2026-05-08 11:11:27.135 -   Image: a93255e4-bf09-4582-9cf2-54f7cfd3f303, Type: image/jpeg, Size: 955x739, Base64 length: 188896
2026-05-08 11:11:27.135 - Section 'APS+ Interfaces' contains 1 images
2026-05-08 11:11:27.136 -   Image: 1ba3e3f4-73e8-4188-8478-c51eeb493173, Type: image/jpeg, Size: 997x734, Base64 length: 281400
2026-05-08 11:11:27.136 - Section 'MCI Core Site Options' contains 1 images
2026-05-08 11:11:27.136 -   Image: df901821-d38f-4523-8302-1f10e349726c, Type: image/jpeg, Size: 960x720, Base64 length: 106516
2026-05-08 11:11:27.137 - Section 'MCI Reach Site Options' contains 1 images
2026-05-08 11:11:27.137 -   Image: 7a3baf04-f1ec-45d4-b47c-01397670da85, Type: image/jpeg, Size: 800x412, Base64 length: 76000
2026-05-08 11:11:27.137 - Section 'SCWS Displays and Controls' contains 8 images
2026-05-08 11:11:27.138 -   Image: 68289157-529a-421b-b8e8-3eafc0c9e0e3, Type: image/jpeg, Size: 758x655, Base64 length: 76548
2026-05-08 11:11:27.138 -   Image: f5e9a0bc-031e-4106-9f90-656981858bab, Type: image/jpeg, Size: 758x655, Base64 length: 190328
2026-05-08 11:11:27.138 -   Image: f4a97ea9-5bc3-4993-98a0-8478a1dbdd77, Type: image/jpeg, Size: 758x655, Base64 length: 101760
2026-05-08 11:11:27.138 -   Image: 05a57bd1-d993-47c3-a9a6-b69e6cbb5f53, Type: image/jpeg, Size: 758x655, Base64 length: 88336
2026-05-08 11:11:27.139 -   Image: 4c8ca072-08af-47e0-b72d-3b2bf456ac1e, Type: image/jpeg, Size: 758x655, Base64 length: 84448
2026-05-08 11:11:27.139 -   Image: cf1d4d44-3c9c-4986-b4e5-d48c77b466cc, Type: image/jpeg, Size: 758x655, Base64 length: 126152
2026-05-08 11:11:27.140 -   Image: 0f79238c-e2a8-45da-b710-15fb8da60f09, Type: image/jpeg, Size: 758x655, Base64 length: 166184
2026-05-08 11:11:27.140 -   Image: f234a0e4-1455-41f3-899a-4fc3d7308057, Type: image/jpeg, Size: 758x655, Base64 length: 182552
2026-05-08 11:11:27.141 - Section 'SCWS Startup' contains 1 images
2026-05-08 11:11:27.141 -   Image: 4e9d40bb-bfad-4887-9707-87b54b3c9c6d, Type: image/jpeg, Size: 960x720, Base64 length: 49588
2026-05-08 11:11:27.141 - Section 'Scale Image' contains 6 images
2026-05-08 11:11:27.142 -   Image: bf19bf9c-5b89-4c5e-b096-bdc7360ed310, Type: image/png, Size: 238x391, Base64 length: 30008
2026-05-08 11:11:27.142 -   Image: 61b4ed9f-8840-4c8f-a8e7-7929ef6b7de0, Type: image/png, Size: 448x139, Base64 length: 31896
2026-05-08 11:11:27.143 -   Image: 85acc32a-b218-428b-b341-4a13247259cb, Type: image/png, Size: 340x202, Base64 length: 30264
2026-05-08 11:11:27.143 -   Image: 31d55469-9225-4d73-a36b-98cb75fa5c76, Type: image/png, Size: 486x151, Base64 length: 33496
2026-05-08 11:11:27.143 -   Image: 6429def4-fe8d-410b-b40b-e3c58f8b30c7, Type: image/png, Size: 197x146, Base64 length: 20740
2026-05-08 11:11:27.144 -   Image: 0b99d47e-1939-4acc-84a2-f0e4901950a0, Type: image/png, Size: 365x195, Base64 length: 28932
2026-05-08 11:11:27.144 - Section 'CSP Startup' contains 3 images
2026-05-08 11:11:27.144 -   Image: 4918a908-278f-458f-8a0a-2a321fd2d6f9, Type: image/jpeg, Size: 1210x720, Base64 length: 393648
2026-05-08 11:11:27.144 -   Image: 15f16b24-f19d-4158-a07d-dd78dc73ec19, Type: image/png, Size: 735x166, Base64 length: 138596
2026-05-08 11:11:27.145 -   Image: df35bbe4-e339-451c-8ed8-7ad13871fb01, Type: image/jpeg, Size: 715x828, Base64 length: 491156
2026-05-08 11:11:27.145 - Section 'Destination Points' contains 4 images
2026-05-08 11:11:27.145 -   Image: 8f862012-c374-4922-8c9a-eea0d3f2de7a, Type: image/jpeg, Size: 1171x696, Base64 length: 366284
2026-05-08 11:11:27.146 -   Image: 746d3ee9-89dc-424c-88df-8fa71fc82aab, Type: image/png, Size: 1123x647, Base64 length: 863164
2026-05-08 11:11:27.146 -   Image: 26c8bc94-49ce-4b21-9f10-0d206d37528d, Type: image/png, Size: 572x387, Base64 length: 180956
2026-05-08 11:11:27.146 -   Image: 281190ed-3cd1-4db2-bee3-f75a416cd02f, Type: image/x-emf, Size: 636x446, Base64 length: 1510784
2026-05-08 11:11:27.147 - Section 'Targets' contains 5 images
2026-05-08 11:11:27.147 -   Image: d3f9b8f3-c08e-4821-a621-40d21199a5c2, Type: image/jpeg, Size: 1235x735, Base64 length: 447980
2026-05-08 11:11:27.147 -   Image: 42692988-1501-4ef8-8d21-43a67ca83d69, Type: image/jpeg, Size: 1134x673, Base64 length: 388892
2026-05-08 11:11:27.148 -   Image: 4fd77cfb-149b-47b0-97f1-0274c4d8e917, Type: image/jpeg, Size: 1166x383, Base64 length: 90136
2026-05-08 11:11:27.148 -   Image: 19973a69-a1f6-46e8-a8d4-f0e30250f424, Type: image/jpeg, Size: 601x199, Base64 length: 53552
2026-05-08 11:11:27.148 -   Image: 1e6f6f76-ddc0-4636-8430-a558819bfd09, Type: image/jpeg, Size: 1166x383, Base64 length: 94832
2026-05-08 11:11:27.149 - Section 'Scenes' contains 7 images
2026-05-08 11:11:27.149 -   Image: e87ccd7a-8789-4d55-86b5-a5a062c61e23, Type: image/png, Size: 841x776, Base64 length: 1026240
2026-05-08 11:11:27.149 -   Image: 3a1f8553-15be-4813-b091-1ce96c139351, Type: image/png, Size: 823x819, Base64 length: 1144000
2026-05-08 11:11:27.149 -   Image: 77544b26-3a31-46a1-b60c-c9822bcd79b8, Type: image/png, Size: 950x569, Base64 length: 914592
2026-05-08 11:11:27.150 -   Image: ad913a16-7c19-4dcc-9926-992fbd3116d3, Type: image/jpeg, Size: 1152x309, Base64 length: 155028
2026-05-08 11:11:27.150 -   Image: b2861305-5c49-47bc-a928-7aac66dbc6a0, Type: image/png, Size: 653x772, Base64 length: 422584
2026-05-08 11:11:27.150 -   Image: f591e4ce-4b24-4afe-a71e-03adf91eea69, Type: image/png, Size: 655x772, Base64 length: 506728
2026-05-08 11:11:27.151 -   Image: c84add53-d997-4979-8320-1b14686eef45, Type: image/png, Size: 778x587, Base64 length: 867408
2026-05-08 11:11:27.151 - Section 'Uplink Sensor and Processing Plan (S&PP)' contains 6 images
2026-05-08 11:11:27.152 -   Image: ec9eaf17-f5c6-4972-9703-97d961cb8c83, Type: image/jpeg, Size: 1210x721, Base64 length: 390212
2026-05-08 11:11:27.152 -   Image: cf8c2b92-c317-4d63-a15a-a39cec26c16f, Type: image/jpeg, Size: 1217x135, Base64 length: 58380
2026-05-08 11:11:27.152 -   Image: 3c3a70ce-fc3c-4bce-ae5a-69fd982ab1df, Type: image/png, Size: 899x687, Base64 length: 479112
2026-05-08 11:11:27.153 -   Image: 74ab159f-ff3b-460a-90ff-98d41cd9c355, Type: image/png, Size: 897x685, Base64 length: 592300
2026-05-08 11:11:27.153 -   Image: aad8bede-ad5b-4ebf-9a07-42b5aa1647c2, Type: image/png, Size: 894x681, Base64 length: 475684
2026-05-08 11:11:27.153 -   Image: 1ef0c359-181d-47b2-9d71-2568a9d41946, Type: image/png, Size: 897x686, Base64 length: 487136
2026-05-08 11:11:27.154 - Section 'Change Detection' contains 9 images
2026-05-08 11:11:27.154 -   Image: 04ce5d0c-f016-45de-a4df-b70dac0630d5, Type: image/png, Size: 669x684, Base64 length: 546164
2026-05-08 11:11:27.154 -   Image: cc5d593c-7b6f-46ad-a364-088d2764a738, Type: image/png, Size: 638x686, Base64 length: 515568
2026-05-08 11:11:27.155 -   Image: 34b56d30-66f4-45cb-9ac9-5630016f373f, Type: image/png, Size: 1100x288, Base64 length: 248396
2026-05-08 11:11:27.155 -   Image: 0c42a057-7fff-47f1-bc10-dd0d57c2c09d, Type: image/png, Size: 1099x327, Base64 length: 278252
2026-05-08 11:11:27.156 -   Image: e84290b0-882f-45ef-b7a5-af4bd2898902, Type: image/png, Size: 818x489, Base64 length: 666724
2026-05-08 11:11:27.156 -   Image: 7010608a-d007-4a66-b0a0-b5f02cfbb303, Type: image/png, Size: 930x552, Base64 length: 856140
2026-05-08 11:11:27.156 -   Image: 348b53cb-8b1f-4e90-8fe1-a3376a69c2e0, Type: image/png, Size: 1104x290, Base64 length: 271576
2026-05-08 11:11:27.157 -   Image: 96c71b7b-8c21-46fa-aa4f-9b7288334ec7, Type: image/png, Size: 1153x685, Base64 length: 1301356
2026-05-08 11:11:27.157 -   Image: 01244bab-da4a-4efd-ac9a-070ed4f68d9c, Type: image/png, Size: 637x684, Base64 length: 516620
2026-05-08 11:11:27.157 - Section 'Multiple Missions' contains 3 images
2026-05-08 11:11:27.157 -   Image: f2982d0a-1c98-4b97-96cc-8e10a1b35d7a, Type: image/png, Size: 829x497, Base64 length: 615108
2026-05-08 11:11:27.158 -   Image: ecf19c9c-5ffb-4f2e-b76d-46b5433842d9, Type: image/jpeg, Size: 315x309, Base64 length: 33876
2026-05-08 11:11:27.158 -   Image: 4dc4539f-7109-4356-924a-11d006f7aead, Type: image/jpeg, Size: 729x425, Base64 length: 88380
2026-05-08 11:11:27.158 - Total images in document: 61
2026-05-08 11:11:27.159 - Starting extraction process
2026-05-08 11:11:27.159 - Processing multiple sections individually
2026-05-08 11:11:27.160 - Extracting section 1 to temp file: C:\Users\E21148888\AppData\Local\Temp\temp_section_0.docx
2026-05-08 11:11:27.359 - Extracting section 2 to temp file: C:\Users\E21148888\AppData\Local\Temp\temp_section_1.docx
2026-05-08 11:11:27.540 - Extracting section 3 to temp file: C:\Users\E21148888\AppData\Local\Temp\temp_section_2.docx
2026-05-08 11:11:27.669 - Extracting section 4 to temp file: C:\Users\E21148888\AppData\Local\Temp\temp_section_3.docx
2026-05-08 11:11:27.822 - Extracting section 5 to temp file: C:\Users\E21148888\AppData\Local\Temp\temp_section_4.docx
2026-05-08 11:11:28.049 - Extracting section 6 to temp file: C:\Users\E21148888\AppData\Local\Temp\temp_section_5.docx
2026-05-08 11:11:28.198 - Extracting section 7 to temp file: C:\Users\E21148888\AppData\Local\Temp\temp_section_6.docx
2026-05-08 11:11:28.323 - Copying first temp file to output location
2026-05-08 11:11:28.325 - Extraction console output:
2026-05-08 11:11:28.326 - 
Starting section extraction with detailed logging...

Reading JSON from: C:\programs\AIML\archive 03092026\innovation\dev\DocumentProcessor\src\DocumentProcessor.UI\bin\Debug\net8.0-windows\output\40218-499 APS Plus OMM 35-IPR.json
JSON content length: 25,625,588 characters
Successfully deserialized 6 top-level sections

Starting section search:
Path to find: OPERATOR INSTRUCTIONS > SCWS Operator Instructions > SCWS Operation

Searching for: 'OPERATOR INSTRUCTIONS'
Available sections at this level:
- ''
- 'GENERAL INFORMATION'
  Subsections:
  - 'Overview'
  - 'System Description'
- ''
- 'OPERATOR INSTRUCTIONS'
  Subsections:
  - 'MCI Operator Instructions'
  - 'SCWS Operator Instructions'
  - 'CSP Operator Instructions'
- 'MAINTENANCE INSTRUCTIONS'
  Subsections:
  - 'Software Maintenance'
  - 'Operational Checkout'
  - 'Troubleshooting'
- 'SUPPORTING INFORMATION'
  Subsections:
  - 'Reference Data'
Found section: 'OPERATOR INSTRUCTIONS'
Level: 1
Content length: 254 characters
Tables: 0
Images: 0
Subsections: 3

Searching for: 'SCWS Operator Instructions'
Available sections at this level:
- 'MCI Operator Instructions'
  Subsections:
  - 'MCI Displays and Controls'
  - 'MCI Startup and Shutdown'
  - 'MCI Operation'
  - 'Mission Thread Operation'
- 'SCWS Operator Instructions'
  Subsections:
  - 'SCWS Displays and Controls'
  - 'SCWS Startup and Shutdown'
  - 'SCWS Operation'
- 'CSP Operator Instructions'
  Subsections:
  - 'CSP Displays and Controls'
  - 'CSP Startup and Shutdown'
  - 'CSP Operation'
Found section: 'SCWS Operator Instructions'
Level: 2
Content length: 164 characters
Tables: 0
Images: 0
Subsections: 3

Searching for: 'SCWS Operation'
Available sections at this level:
- 'SCWS Displays and Controls'
- 'SCWS Startup and Shutdown'
  Subsections:
  - 'SCWS Startup'
  - 'SCWS Shutdown'
- 'SCWS Operation'
  Subsections:
  - 'View Imagery'
  - 'Mission Definition'
  - ''
  - 'Uplink OBP Commands'
  - 'Uplink MSU Commands'
  - 'Immediate Scene Commands'
Found section: 'SCWS Operation'
Level: 3
Content length: 395 characters
Tables: 0
Images: 0
Subsections: 6
Found target section: SCWS Operation
Number of subsections: 6

Creating document...

Processing section: SCWS Operation

Processing section: View Imagery

Processing section: Scale Image
Processing 6 images...
Original size: 238x391
Scaled size: 154.69994750656167x254.14992125984253
Original size: 448x139
Scaled size: 291.2x90.34992125984252
Original size: 340x202
Scaled size: 221x131.2999475065617
Original size: 486x151
Scaled size: 315.89994750656166x98.14992125984251
Original size: 197x146
Scaled size: 128.04997375328085x94.89994750656167
Original size: 365x195
Scaled size: 237.24997375328084x126.74992125984252

Processing section: Mission Definition
Processing 1 tables...

Processing section: 

Processing section: Uplink OBP Commands
Processing 12 tables...

Processing section: Uplink MSU Commands
Processing 13 tables...

Processing section: Immediate Scene Commands

Saving document...
Document created successfully at: C:\Users\E21148888\AppData\Local\Temp\temp_section_0.docx

Starting section extraction with detailed logging...

Reading JSON from: C:\programs\AIML\archive 03092026\innovation\dev\DocumentProcessor\src\DocumentProcessor.UI\bin\Debug\net8.0-windows\output\40218-499 APS Plus OMM 35-IPR.json
JSON content length: 25,625,588 characters
Successfully deserialized 6 top-level sections

Starting section search:
Path to find: OPERATOR INSTRUCTIONS > SCWS Operator Instructions > SCWS Operation > View Imagery

Searching for: 'OPERATOR INSTRUCTIONS'
Available sections at this level:
- ''
- 'GENERAL INFORMATION'
  Subsections:
  - 'Overview'
  - 'System Description'
- ''
- 'OPERATOR INSTRUCTIONS'
  Subsections:
  - 'MCI Operator Instructions'
  - 'SCWS Operator Instructions'
  - 'CSP Operator Instructions'
- 'MAINTENANCE INSTRUCTIONS'
  Subsections:
  - 'Software Maintenance'
  - 'Operational Checkout'
  - 'Troubleshooting'
- 'SUPPORTING INFORMATION'
  Subsections:
  - 'Reference Data'
Found section: 'OPERATOR INSTRUCTIONS'
Level: 1
Content length: 254 characters
Tables: 0
Images: 0
Subsections: 3

Searching for: 'SCWS Operator Instructions'
Available sections at this level:
- 'MCI Operator Instructions'
  Subsections:
  - 'MCI Displays and Controls'
  - 'MCI Startup and Shutdown'
  - 'MCI Operation'
  - 'Mission Thread Operation'
- 'SCWS Operator Instructions'
  Subsections:
  - 'SCWS Displays and Controls'
  - 'SCWS Startup and Shutdown'
  - 'SCWS Operation'
- 'CSP Operator Instructions'
  Subsections:
  - 'CSP Displays and Controls'
  - 'CSP Startup and Shutdown'
  - 'CSP Operation'
Found section: 'SCWS Operator Instructions'
Level: 2
Content length: 164 characters
Tables: 0
Images: 0
Subsections: 3

Searching for: 'SCWS Operation'
Available sections at this level:
- 'SCWS Displays and Controls'
- 'SCWS Startup and Shutdown'
  Subsections:
  - 'SCWS Startup'
  - 'SCWS Shutdown'
- 'SCWS Operation'
  Subsections:
  - 'View Imagery'
  - 'Mission Definition'
  - ''
  - 'Uplink OBP Commands'
  - 'Uplink MSU Commands'
  - 'Immediate Scene Commands'
Found section: 'SCWS Operation'
Level: 3
Content length: 395 characters
Tables: 0
Images: 0
Subsections: 6

Searching for: 'View Imagery'
Available sections at this level:
- 'View Imagery'
  Subsections:
  - 'Scale Image'
- 'Mission Definition'
- ''
- 'Uplink OBP Commands'
- 'Uplink MSU Commands'
- 'Immediate Scene Commands'
Found section: 'View Imagery'
Level: 4
Content length: 14 characters
Tables: 0
Images: 0
Subsections: 1
Found target section: View Imagery
Number of subsections: 1

Creating document...

Processing section: View Imagery

Processing section: Scale Image
Processing 6 images...
Original size: 238x391
Scaled size: 154.69994750656167x254.14992125984253
Original size: 448x139
Scaled size: 291.2x90.34992125984252
Original size: 340x202
Scaled size: 221x131.2999475065617
Original size: 486x151
Scaled size: 315.89994750656166x98.14992125984251
Original size: 197x146
Scaled size: 128.04997375328085x94.89994750656167
Original size: 365x195
Scaled size: 237.24997375328084x126.74992125984252

Saving document...
Document created successfully at: C:\Users\E21148888\AppData\Local\Temp\temp_section_1.docx

Starting section extraction with detailed logging...

Reading JSON from: C:\programs\AIML\archive 03092026\innovation\dev\DocumentProcessor\src\DocumentProcessor.UI\bin\Debug\net8.0-windows\output\40218-499 APS Plus OMM 35-IPR.json
JSON content length: 25,625,588 characters
Successfully deserialized 6 top-level sections

Starting section search:
Path to find: OPERATOR INSTRUCTIONS > SCWS Operator Instructions > SCWS Operation > View Imagery > Scale Image

Searching for: 'OPERATOR INSTRUCTIONS'
Available sections at this level:
- ''
- 'GENERAL INFORMATION'
  Subsections:
  - 'Overview'
  - 'System Description'
- ''
- 'OPERATOR INSTRUCTIONS'
  Subsections:
  - 'MCI Operator Instructions'
  - 'SCWS Operator Instructions'
  - 'CSP Operator Instructions'
- 'MAINTENANCE INSTRUCTIONS'
  Subsections:
  - 'Software Maintenance'
  - 'Operational Checkout'
  - 'Troubleshooting'
- 'SUPPORTING INFORMATION'
  Subsections:
  - 'Reference Data'
Found section: 'OPERATOR INSTRUCTIONS'
Level: 1
Content length: 254 characters
Tables: 0
Images: 0
Subsections: 3

Searching for: 'SCWS Operator Instructions'
Available sections at this level:
- 'MCI Operator Instructions'
  Subsections:
  - 'MCI Displays and Controls'
  - 'MCI Startup and Shutdown'
  - 'MCI Operation'
  - 'Mission Thread Operation'
- 'SCWS Operator Instructions'
  Subsections:
  - 'SCWS Displays and Controls'
  - 'SCWS Startup and Shutdown'
  - 'SCWS Operation'
- 'CSP Operator Instructions'
  Subsections:
  - 'CSP Displays and Controls'
  - 'CSP Startup and Shutdown'
  - 'CSP Operation'
Found section: 'SCWS Operator Instructions'
Level: 2
Content length: 164 characters
Tables: 0
Images: 0
Subsections: 3

Searching for: 'SCWS Operation'
Available sections at this level:
- 'SCWS Displays and Controls'
- 'SCWS Startup and Shutdown'
  Subsections:
  - 'SCWS Startup'
  - 'SCWS Shutdown'
- 'SCWS Operation'
  Subsections:
  - 'View Imagery'
  - 'Mission Definition'
  - ''
  - 'Uplink OBP Commands'
  - 'Uplink MSU Commands'
  - 'Immediate Scene Commands'
Found section: 'SCWS Operation'
Level: 3
Content length: 395 characters
Tables: 0
Images: 0
Subsections: 6

Searching for: 'View Imagery'
Available sections at this level:
- 'View Imagery'
  Subsections:
  - 'Scale Image'
- 'Mission Definition'
- ''
- 'Uplink OBP Commands'
- 'Uplink MSU Commands'
- 'Immediate Scene Commands'
Found section: 'View Imagery'
Level: 4
Content length: 14 characters
Tables: 0
Images: 0
Subsections: 1

Searching for: 'Scale Image'
Available sections at this level:
- 'Scale Image'
Found section: 'Scale Image'
Level: 5
Content length: 2865 characters
Tables: 0
Images: 6
Subsections: 0

Image details:
- Image ID: bf19bf9c-5b89-4c5e-b096-bdc7360ed310
  Type: image/png
  Size: 238x391
  Base64 length: 30008
- Image ID: 61b4ed9f-8840-4c8f-a8e7-7929ef6b7de0
  Type: image/png
  Size: 448x139
  Base64 length: 31896
- Image ID: 85acc32a-b218-428b-b341-4a13247259cb
  Type: image/png
  Size: 340x202
  Base64 length: 30264
- Image ID: 31d55469-9225-4d73-a36b-98cb75fa5c76
  Type: image/png
  Size: 486x151
  Base64 length: 33496
- Image ID: 6429def4-fe8d-410b-b40b-e3c58f8b30c7
  Type: image/png
  Size: 197x146
  Base64 length: 20740
- Image ID: 0b99d47e-1939-4acc-84a2-f0e4901950a0
  Type: image/png
  Size: 365x195
  Base64 length: 28932
Found target section: Scale Image
Number of subsections: 0

Creating document...

Processing section: Scale Image
Processing 6 images...
Original size: 238x391
Scaled size: 154.69994750656167x254.14992125984253
Original size: 448x139
Scaled size: 291.2x90.34992125984252
Original size: 340x202
Scaled size: 221x131.2999475065617
Original size: 486x151
Scaled size: 315.89994750656166x98.14992125984251
Original size: 197x146
Scaled size: 128.04997375328085x94.89994750656167
Original size: 365x195
Scaled size: 237.24997375328084x126.74992125984252

Saving document...
Document created successfully at: C:\Users\E21148888\AppData\Local\Temp\temp_section_2.docx

Starting section extraction with detailed logging...

Reading JSON from: C:\programs\AIML\archive 03092026\innovation\dev\DocumentProcessor\src\DocumentProcessor.UI\bin\Debug\net8.0-windows\output\40218-499 APS Plus OMM 35-IPR.json
JSON content length: 25,625,588 characters
Successfully deserialized 6 top-level sections

Starting section search:
Path to find: OPERATOR INSTRUCTIONS > SCWS Operator Instructions > SCWS Operation > Mission Definition

Searching for: 'OPERATOR INSTRUCTIONS'
Available sections at this level:
- ''
- 'GENERAL INFORMATION'
  Subsections:
  - 'Overview'
  - 'System Description'
- ''
- 'OPERATOR INSTRUCTIONS'
  Subsections:
  - 'MCI Operator Instructions'
  - 'SCWS Operator Instructions'
  - 'CSP Operator Instructions'
- 'MAINTENANCE INSTRUCTIONS'
  Subsections:
  - 'Software Maintenance'
  - 'Operational Checkout'
  - 'Troubleshooting'
- 'SUPPORTING INFORMATION'
  Subsections:
  - 'Reference Data'
Found section: 'OPERATOR INSTRUCTIONS'
Level: 1
Content length: 254 characters
Tables: 0
Images: 0
Subsections: 3

Searching for: 'SCWS Operator Instructions'
Available sections at this level:
- 'MCI Operator Instructions'
  Subsections:
  - 'MCI Displays and Controls'
  - 'MCI Startup and Shutdown'
  - 'MCI Operation'
  - 'Mission Thread Operation'
- 'SCWS Operator Instructions'
  Subsections:
  - 'SCWS Displays and Controls'
  - 'SCWS Startup and Shutdown'
  - 'SCWS Operation'
- 'CSP Operator Instructions'
  Subsections:
  - 'CSP Displays and Controls'
  - 'CSP Startup and Shutdown'
  - 'CSP Operation'
Found section: 'SCWS Operator Instructions'
Level: 2
Content length: 164 characters
Tables: 0
Images: 0
Subsections: 3

Searching for: 'SCWS Operation'
Available sections at this level:
- 'SCWS Displays and Controls'
- 'SCWS Startup and Shutdown'
  Subsections:
  - 'SCWS Startup'
  - 'SCWS Shutdown'
- 'SCWS Operation'
  Subsections:
  - 'View Imagery'
  - 'Mission Definition'
  - ''
  - 'Uplink OBP Commands'
  - 'Uplink MSU Commands'
  - 'Immediate Scene Commands'
Found section: 'SCWS Operation'
Level: 3
Content length: 395 characters
Tables: 0
Images: 0
Subsections: 6

Searching for: 'Mission Definition'
Available sections at this level:
- 'View Imagery'
  Subsections:
  - 'Scale Image'
- 'Mission Definition'
- ''
- 'Uplink OBP Commands'
- 'Uplink MSU Commands'
- 'Immediate Scene Commands'
Found section: 'Mission Definition'
Level: 4
Content length: 208 characters
Tables: 1
Images: 0
Subsections: 0
Found target section: Mission Definition
Number of subsections: 0

Creating document...

Processing section: Mission Definition
Processing 1 tables...

Saving document...
Document created successfully at: C:\Users\E21148888\AppData\Local\Temp\temp_section_3.docx

Starting section extraction with detailed logging...

Reading JSON from: C:\programs\AIML\archive 03092026\innovation\dev\DocumentProcessor\src\DocumentProcessor.UI\bin\Debug\net8.0-windows\output\40218-499 APS Plus OMM 35-IPR.json
JSON content length: 25,625,588 characters
Successfully deserialized 6 top-level sections

Starting section search:
Path to find: OPERATOR INSTRUCTIONS > SCWS Operator Instructions > SCWS Operation > Uplink OBP Commands

Searching for: 'OPERATOR INSTRUCTIONS'
Available sections at this level:
- ''
- 'GENERAL INFORMATION'
  Subsections:
  - 'Overview'
  - 'System Description'
- ''
- 'OPERATOR INSTRUCTIONS'
  Subsections:
  - 'MCI Operator Instructions'
  - 'SCWS Operator Instructions'
  - 'CSP Operator Instructions'
- 'MAINTENANCE INSTRUCTIONS'
  Subsections:
  - 'Software Maintenance'
  - 'Operational Checkout'
  - 'Troubleshooting'
- 'SUPPORTING INFORMATION'
  Subsections:
  - 'Reference Data'
Found section: 'OPERATOR INSTRUCTIONS'
Level: 1
Content length: 254 characters
Tables: 0
Images: 0
Subsections: 3

Searching for: 'SCWS Operator Instructions'
Available sections at this level:
- 'MCI Operator Instructions'
  Subsections:
  - 'MCI Displays and Controls'
  - 'MCI Startup and Shutdown'
  - 'MCI Operation'
  - 'Mission Thread Operation'
- 'SCWS Operator Instructions'
  Subsections:
  - 'SCWS Displays and Controls'
  - 'SCWS Startup and Shutdown'
  - 'SCWS Operation'
- 'CSP Operator Instructions'
  Subsections:
  - 'CSP Displays and Controls'
  - 'CSP Startup and Shutdown'
  - 'CSP Operation'
Found section: 'SCWS Operator Instructions'
Level: 2
Content length: 164 characters
Tables: 0
Images: 0
Subsections: 3

Searching for: 'SCWS Operation'
Available sections at this level:
- 'SCWS Displays and Controls'
- 'SCWS Startup and Shutdown'
  Subsections:
  - 'SCWS Startup'
  - 'SCWS Shutdown'
- 'SCWS Operation'
  Subsections:
  - 'View Imagery'
  - 'Mission Definition'
  - ''
  - 'Uplink OBP Commands'
  - 'Uplink MSU Commands'
  - 'Immediate Scene Commands'
Found section: 'SCWS Operation'
Level: 3
Content length: 395 characters
Tables: 0
Images: 0
Subsections: 6

Searching for: 'Uplink OBP Commands'
Available sections at this level:
- 'View Imagery'
  Subsections:
  - 'Scale Image'
- 'Mission Definition'
- ''
- 'Uplink OBP Commands'
- 'Uplink MSU Commands'
- 'Immediate Scene Commands'
Found section: 'Uplink OBP Commands'
Level: 4
Content length: 3952 characters
Tables: 12
Images: 0
Subsections: 0
Found target section: Uplink OBP Commands
Number of subsections: 0

Creating document...

Processing section: Uplink OBP Commands
Processing 12 tables...

Saving document...
Document created successfully at: C:\Users\E21148888\AppData\Local\Temp\temp_section_4.docx

Starting section extraction with detailed logging...

Reading JSON from: C:\programs\AIML\archive 03092026\innovation\dev\DocumentProcessor\src\DocumentProcessor.UI\bin\Debug\net8.0-windows\output\40218-499 APS Plus OMM 35-IPR.json
JSON content length: 25,625,588 characters
Successfully deserialized 6 top-level sections

Starting section search:
Path to find: OPERATOR INSTRUCTIONS > SCWS Operator Instructions > SCWS Operation > Uplink MSU Commands

Searching for: 'OPERATOR INSTRUCTIONS'
Available sections at this level:
- ''
- 'GENERAL INFORMATION'
  Subsections:
  - 'Overview'
  - 'System Description'
- ''
- 'OPERATOR INSTRUCTIONS'
  Subsections:
  - 'MCI Operator Instructions'
  - 'SCWS Operator Instructions'
  - 'CSP Operator Instructions'
- 'MAINTENANCE INSTRUCTIONS'
  Subsections:
  - 'Software Maintenance'
  - 'Operational Checkout'
  - 'Troubleshooting'
- 'SUPPORTING INFORMATION'
  Subsections:
  - 'Reference Data'
Found section: 'OPERATOR INSTRUCTIONS'
Level: 1
Content length: 254 characters
Tables: 0
Images: 0
Subsections: 3

Searching for: 'SCWS Operator Instructions'
Available sections at this level:
- 'MCI Operator Instructions'
  Subsections:
  - 'MCI Displays and Controls'
  - 'MCI Startup and Shutdown'
  - 'MCI Operation'
  - 'Mission Thread Operation'
- 'SCWS Operator Instructions'
  Subsections:
  - 'SCWS Displays and Controls'
  - 'SCWS Startup and Shutdown'
  - 'SCWS Operation'
- 'CSP Operator Instructions'
  Subsections:
  - 'CSP Displays and Controls'
  - 'CSP Startup and Shutdown'
  - 'CSP Operation'
Found section: 'SCWS Operator Instructions'
Level: 2
Content length: 164 characters
Tables: 0
Images: 0
Subsections: 3

Searching for: 'SCWS Operation'
Available sections at this level:
- 'SCWS Displays and Controls'
- 'SCWS Startup and Shutdown'
  Subsections:
  - 'SCWS Startup'
  - 'SCWS Shutdown'
- 'SCWS Operation'
  Subsections:
  - 'View Imagery'
  - 'Mission Definition'
  - ''
  - 'Uplink OBP Commands'
  - 'Uplink MSU Commands'
  - 'Immediate Scene Commands'
Found section: 'SCWS Operation'
Level: 3
Content length: 395 characters
Tables: 0
Images: 0
Subsections: 6

Searching for: 'Uplink MSU Commands'
Available sections at this level:
- 'View Imagery'
  Subsections:
  - 'Scale Image'
- 'Mission Definition'
- ''
- 'Uplink OBP Commands'
- 'Uplink MSU Commands'
- 'Immediate Scene Commands'
Found section: 'Uplink MSU Commands'
Level: 4
Content length: 5011 characters
Tables: 13
Images: 0
Subsections: 0
Found target section: Uplink MSU Commands
Number of subsections: 0

Creating document...

Processing section: Uplink MSU Commands
Processing 13 tables...

Saving document...
Document created successfully at: C:\Users\E21148888\AppData\Local\Temp\temp_section_5.docx

Starting section extraction with detailed logging...

Reading JSON from: C:\programs\AIML\archive 03092026\innovation\dev\DocumentProcessor\src\DocumentProcessor.UI\bin\Debug\net8.0-windows\output\40218-499 APS Plus OMM 35-IPR.json
JSON content length: 25,625,588 characters
Successfully deserialized 6 top-level sections

Starting section search:
Path to find: OPERATOR INSTRUCTIONS > SCWS Operator Instructions > SCWS Operation > Immediate Scene Commands

Searching for: 'OPERATOR INSTRUCTIONS'
Available sections at this level:
- ''
- 'GENERAL INFORMATION'
  Subsections:
  - 'Overview'
  - 'System Description'
- ''
- 'OPERATOR INSTRUCTIONS'
  Subsections:
  - 'MCI Operator Instructions'
  - 'SCWS Operator Instructions'
  - 'CSP Operator Instructions'
- 'MAINTENANCE INSTRUCTIONS'
  Subsections:
  - 'Software Maintenance'
  - 'Operational Checkout'
  - 'Troubleshooting'
- 'SUPPORTING INFORMATION'
  Subsections:
  - 'Reference Data'
Found section: 'OPERATOR INSTRUCTIONS'
Level: 1
Content length: 254 characters
Tables: 0
Images: 0
Subsections: 3

Searching for: 'SCWS Operator Instructions'
Available sections at this level:
- 'MCI Operator Instructions'
  Subsections:
  - 'MCI Displays and Controls'
  - 'MCI Startup and Shutdown'
  - 'MCI Operation'
  - 'Mission Thread Operation'
- 'SCWS Operator Instructions'
  Subsections:
  - 'SCWS Displays and Controls'
  - 'SCWS Startup and Shutdown'
  - 'SCWS Operation'
- 'CSP Operator Instructions'
  Subsections:
  - 'CSP Displays and Controls'
  - 'CSP Startup and Shutdown'
  - 'CSP Operation'
Found section: 'SCWS Operator Instructions'
Level: 2
Content length: 164 characters
Tables: 0
Images: 0
Subsections: 3

Searching for: 'SCWS Operation'
Available sections at this level:
- 'SCWS Displays and Controls'
- 'SCWS Startup and Shutdown'
  Subsections:
  - 'SCWS Startup'
  - 'SCWS Shutdown'
- 'SCWS Operation'
  Subsections:
  - 'View Imagery'
  - 'Mission Definition'
  - ''
  - 'Uplink OBP Commands'
  - 'Uplink MSU Commands'
  - 'Immediate Scene Commands'
Found section: 'SCWS Operation'
Level: 3
Content length: 395 characters
Tables: 0
Images: 0
Subsections: 6

Searching for: 'Immediate Scene Commands'
Available sections at this level:
- 'View Imagery'
  Subsections:
  - 'Scale Image'
- 'Mission Definition'
- ''
- 'Uplink OBP Commands'
- 'Uplink MSU Commands'
- 'Immediate Scene Commands'
Found section: 'Immediate Scene Commands'
Level: 4
Content length: 15 characters
Tables: 0
Images: 0
Subsections: 0
Found target section: Immediate Scene Commands
Number of subsections: 0

Creating document...

Processing section: Immediate Scene Commands

Saving document...
Document created successfully at: C:\Users\E21148888\AppData\Local\Temp\temp_section_6.docx

2026-05-08 11:11:28.326 - Extraction completed
2026-05-08 11:11:29.782 - Analyzing extracted document for images: C:\programs\AIML\archive 03092026\innovation\dev\DocumentProcessor\src\DocumentProcessor.UI\bin\Debug\net8.0-windows\output\40218-499 APS Plus OMM 35-IPR_extracted_v1.docx
2026-05-08 11:11:29.783 - Extracted document size: 144,620 bytes
